# JRE version: OpenJDK Runtime Environment Temurin-21.0.8+9 (21.0.8+9) (build 21.0.8+9-LTS)
# Java VM: OpenJDK 64-Bit Server VM Temurin-21.0.8+9 (21.0.8+9-LTS, mixed mode, sharing, tiered, compressed oops, compressed class ptrs, parallel gc, windows-amd64)
GC Precious Log:
 CardTable entry size: 512
 CPUs: 12 total, 12 available
 Memory: 7502M
 Large Page Support: Disabled
 NUMA Support: Disabled
 Compressed Oops: Enabled (32-bit)
 Alignments: Space 512K, Generation 512K, Heap 2M
 Heap Min Capacity: 100M
 Heap Initial Capacity: 100M
 Heap Max Capacity: 2G
 Pre-touch: Disabled
 Parallel Workers: 10
Heap:
 PSYoungGen      total 6656K, used 5441K [0x00000000d5580000, 0x00000000d5d80000, 0x0000000100000000)
  eden space 6144K, 82% used [0x00000000d5580000,0x00000000d5a706b8,0x00000000d5b80000)
  from space 512K, 75% used [0x00000000d5d00000,0x00000000d5d60000,0x00000000d5d80000)
  to   space 512K, 0% used [0x00000000d5c80000,0x00000000d5c80000,0x00000000d5d00000)
 ParOldGen       total 767488K, used 377473K [0x0000000080000000, 0x00000000aed80000, 0x00000000d5580000)
  object space 767488K, 49% used [0x0000000080000000,0x00000000970a06d0,0x00000000aed80000)
 Metaspace       used 87641K, committed 89536K, reserved 1179648K
  class space    used 8781K, committed 9664K, reserved 1048576K
GC Heap History (20 events):
Event: 2069.343 GC heap before
{Heap before GC invocations=1188 (full 5):
 PSYoungGen      total 6656K, used 6591K [0x00000000d5580000, 0x00000000d5d80000, 0x0000000100000000)
  eden space 6144K, 99% used [0x00000000d5580000,0x00000000d5b7ff88,0x00000000d5b80000)
  from space 512K, 87% used [0x00000000d5d00000,0x00000000d5d70020,0x00000000d5d80000)
  to   space 512K, 0% used [0x00000000d5c80000,0x00000000d5c80000,0x00000000d5d00000)
 ParOldGen       total 767488K, used 376169K [0x0000000080000000, 0x00000000aed80000, 0x00000000d5580000)
  object space 767488K, 49% used [0x0000000080000000,0x0000000096f5a5e0,0x00000000aed80000)
 Metaspace       used 87582K, committed 89408K, reserved 1179648K
  class space    used 8781K, committed 9664K, reserved 1048576K
}
Event: 2069.348 GC heap after
{Heap after GC invocations=1188 (full 5):
 PSYoungGen      total 6656K, used 448K [0x00000000d5580000, 0x00000000d5d80000, 0x0000000100000000)
  eden space 6144K, 0% used [0x00000000d5580000,0x00000000d5580000,0x00000000d5b80000)
  from space 512K, 87% used [0x00000000d5c80000,0x00000000d5cf0020,0x00000000d5d00000)
  to   space 512K, 0% used [0x00000000d5d00000,0x00000000d5d00000,0x00000000d5d80000)
 ParOldGen       total 767488K, used 376321K [0x0000000080000000, 0x00000000aed80000, 0x00000000d5580000)
  object space 767488K, 49% used [0x0000000080000000,0x0000000096f80610,0x00000000aed80000)
 Metaspace       used 87582K, committed 89408K, reserved 1179648K
  class space    used 8781K, committed 9664K, reserved 1048576K
}
Event: 2070.623 GC heap before
{Heap before GC invocations=1189 (full 5):
 PSYoungGen      total 6656K, used 6592K [0x00000000d5580000, 0x00000000d5d80000, 0x0000000100000000)
  eden space 6144K, 99% used [0x00000000d5580000,0x00000000d5b7fff0,0x00000000d5b80000)
  from space 512K, 87% used [0x00000000d5c80000,0x00000000d5cf0020,0x00000000d5d00000)
  to   space 512K, 0% used [0x00000000d5d00000,0x00000000d5d00000,0x00000000d5d80000)
 ParOldGen       total 767488K, used 376321K [0x0000000080000000, 0x00000000aed80000, 0x00000000d5580000)
  object space 767488K, 49% used [0x0000000080000000,0x0000000096f80610,0x00000000aed80000)
 Metaspace       used 87583K, committed 89408K, reserved 1179648K
  class space    used 8781K, committed 9664K, reserved 1048576K
}
Event: 2070.630 GC heap after
{Heap after GC invocations=1189 (full 5):
 PSYoungGen      total 6656K, used 448K [0x00000000d5580000, 0x00000000d5d80000, 0x0000000100000000)
  eden space 6144K, 0% used [0x00000000d5580000,0x00000000d5580000,0x00000000d5b80000)
  from space 512K, 87% used [0x00000000d5d00000,0x00000000d5d70020,0x00000000d5d80000)
  to   space 512K, 0% used [0x00000000d5c80000,0x00000000d5c80000,0x00000000d5d00000)
 ParOldGen       total 767488K, used 376473K [0x0000000080000000, 0x00000000aed80000, 0x00000000d5580000)
  object space 767488K, 49% used [0x0000000080000000,0x0000000096fa6640,0x00000000aed80000)
 Metaspace       used 87583K, committed 89408K, reserved 1179648K
  class space    used 8781K, committed 9664K, reserved 1048576K
}
Event: 2080.593 GC heap before
{Heap before GC invocations=1190 (full 5):
 PSYoungGen      total 6656K, used 6592K [0x00000000d5580000, 0x00000000d5d80000, 0x0000000100000000)
  eden space 6144K, 100% used [0x00000000d5580000,0x00000000d5b80000,0x00000000d5b80000)
  from space 512K, 87% used [0x00000000d5d00000,0x00000000d5d70020,0x00000000d5d80000)
  to   space 512K, 0% used [0x00000000d5c80000,0x00000000d5c80000,0x00000000d5d00000)
 ParOldGen       total 767488K, used 376473K [0x0000000080000000, 0x00000000aed80000, 0x00000000d5580000)
  object space 767488K, 49% used [0x0000000080000000,0x0000000096fa6640,0x00000000aed80000)
 Metaspace       used 87583K, committed 89408K, reserved 1179648K
  class space    used 8781K, committed 9664K, reserved 1048576K
}
Event: 2080.599 GC heap after
{Heap after GC invocations=1190 (full 5):
 PSYoungGen      total 6656K, used 352K [0x00000000d5580000, 0x00000000d5d80000, 0x0000000100000000)
  eden space 6144K, 0% used [0x00000000d5580000,0x00000000d5580000,0x00000000d5b80000)
  from space 512K, 68% used [0x00000000d5c80000,0x00000000d5cd8000,0x00000000d5d00000)
  to   space 512K, 0% used [0x00000000d5d00000,0x00000000d5d00000,0x00000000d5d80000)
 ParOldGen       total 767488K, used 376697K [0x0000000080000000, 0x00000000aed80000, 0x00000000d5580000)
  object space 767488K, 49% used [0x0000000080000000,0x0000000096fde670,0x00000000aed80000)
 Metaspace       used 87583K, committed 89408K, reserved 1179648K
  class space    used 8781K, committed 9664K, reserved 1048576K
}
Event: 2080.812 GC heap before
{Heap before GC invocations=1191 (full 5):
 PSYoungGen      total 6656K, used 6496K [0x00000000d5580000, 0x00000000d5d80000, 0x0000000100000000)
  eden space 6144K, 100% used [0x00000000d5580000,0x00000000d5b80000,0x00000000d5b80000)
  from space 512K, 68% used [0x00000000d5c80000,0x00000000d5cd8000,0x00000000d5d00000)
  to   space 512K, 0% used [0x00000000d5d00000,0x00000000d5d00000,0x00000000d5d80000)
 ParOldGen       total 767488K, used 376697K [0x0000000080000000, 0x00000000aed80000, 0x00000000d5580000)
  object space 767488K, 49% used [0x0000000080000000,0x0000000096fde670,0x00000000aed80000)
 Metaspace       used 87586K, committed 89408K, reserved 1179648K
  class space    used 8781K, committed 9664K, reserved 1048576K
}
Event: 2080.819 GC heap after
{Heap after GC invocations=1191 (full 5):
 PSYoungGen      total 6656K, used 256K [0x00000000d5580000, 0x00000000d5d80000, 0x0000000100000000)
  eden space 6144K, 0% used [0x00000000d5580000,0x00000000d5580000,0x00000000d5b80000)
  from space 512K, 50% used [0x00000000d5d00000,0x00000000d5d40000,0x00000000d5d80000)
  to   space 512K, 0% used [0x00000000d5c80000,0x00000000d5c80000,0x00000000d5d00000)
 ParOldGen       total 767488K, used 376817K [0x0000000080000000, 0x00000000aed80000, 0x00000000d5580000)
  object space 767488K, 49% used [0x0000000080000000,0x0000000096ffc670,0x00000000aed80000)
 Metaspace       used 87586K, committed 89408K, reserved 1179648K
  class space    used 8781K, committed 9664K, reserved 1048576K
}
Event: 2549.725 GC heap before
{Heap before GC invocations=1192 (full 5):
 PSYoungGen      total 6656K, used 6400K [0x00000000d5580000, 0x00000000d5d80000, 0x0000000100000000)
  eden space 6144K, 100% used [0x00000000d5580000,0x00000000d5b80000,0x00000000d5b80000)
  from space 512K, 50% used [0x00000000d5d00000,0x00000000d5d40000,0x00000000d5d80000)
  to   space 512K, 0% used [0x00000000d5c80000,0x00000000d5c80000,0x00000000d5d00000)
 ParOldGen       total 767488K, used 376817K [0x0000000080000000, 0x00000000aed80000, 0x00000000d5580000)
  object space 767488K, 49% used [0x0000000080000000,0x0000000096ffc670,0x00000000aed80000)
 Metaspace       used 87596K, committed 89408K, reserved 1179648K
  class space    used 8781K, committed 9664K, reserved 1048576K
}
Event: 2549.930 GC heap after
{Heap after GC invocations=1192 (full 5):
 PSYoungGen      total 6656K, used 448K [0x00000000d5580000, 0x00000000d5d80000, 0x0000000100000000)
  eden space 6144K, 0% used [0x00000000d5580000,0x00000000d5580000,0x00000000d5b80000)
  from space 512K, 87% used [0x00000000d5c80000,0x00000000d5cf0020,0x00000000d5d00000)
  to   space 512K, 0% used [0x00000000d5d00000,0x00000000d5d00000,0x00000000d5d80000)
 ParOldGen       total 767488K, used 376873K [0x0000000080000000, 0x00000000aed80000, 0x00000000d5580000)
  object space 767488K, 49% used [0x0000000080000000,0x000000009700a670,0x00000000aed80000)
 Metaspace       used 87596K, committed 89408K, reserved 1179648K
  class space    used 8781K, committed 9664K, reserved 1048576K
}
Event: 2686.514 GC heap before
{Heap before GC invocations=1193 (full 5):
 PSYoungGen      total 6656K, used 6592K [0x00000000d5580000, 0x00000000d5d80000, 0x0000000100000000)
  eden space 6144K, 100% used [0x00000000d5580000,0x00000000d5b80000,0x00000000d5b80000)
  from space 512K, 87% used [0x00000000d5c80000,0x00000000d5cf0020,0x00000000d5d00000)
  to   space 512K, 0% used [0x00000000d5d00000,0x00000000d5d00000,0x00000000d5d80000)
 ParOldGen       total 767488K, used 376873K [0x0000000080000000, 0x00000000aed80000, 0x00000000d5580000)
  object space 767488K, 49% used [0x0000000080000000,0x000000009700a670,0x00000000aed80000)
 Metaspace       used 87605K, committed 89408K, reserved 1179648K
  class space    used 8781K, committed 9664K, reserved 1048576K
}
Event: 2686.679 GC heap after
{Heap after GC invocations=1193 (full 5):
 PSYoungGen      total 6656K, used 352K [0x00000000d5580000, 0x00000000d5d80000, 0x0000000100000000)
  eden space 6144K, 0% used [0x00000000d5580000,0x00000000d5580000,0x00000000d5b80000)
  from space 512K, 68% used [0x00000000d5d00000,0x00000000d5d58000,0x00000000d5d80000)
  to   space 512K, 0% used [0x00000000d5c80000,0x00000000d5c80000,0x00000000d5d00000)
 ParOldGen       total 767488K, used 376921K [0x0000000080000000, 0x00000000aed80000, 0x00000000d5580000)
  object space 767488K, 49% used [0x0000000080000000,0x0000000097016670,0x00000000aed80000)
 Metaspace       used 87605K, committed 89408K, reserved 1179648K
  class space    used 8781K, committed 9664K, reserved 1048576K
}
Event: 2743.672 GC heap before
{Heap before GC invocations=1194 (full 5):
 PSYoungGen      total 6656K, used 6495K [0x00000000d5580000, 0x00000000d5d80000, 0x0000000100000000)
  eden space 6144K, 99% used [0x00000000d5580000,0x00000000d5b7ffc8,0x00000000d5b80000)
  from space 512K, 68% used [0x00000000d5d00000,0x00000000d5d58000,0x00000000d5d80000)
  to   space 512K, 0% used [0x00000000d5c80000,0x00000000d5c80000,0x00000000d5d00000)
 ParOldGen       total 767488K, used 376921K [0x0000000080000000, 0x00000000aed80000, 0x00000000d5580000)
  object space 767488K, 49% used [0x0000000080000000,0x0000000097016670,0x00000000aed80000)
 Metaspace       used 87615K, committed 89472K, reserved 1179648K
  class space    used 8781K, committed 9664K, reserved 1048576K
}
Event: 2743.903 GC heap after
{Heap after GC invocations=1194 (full 5):
 PSYoungGen      total 6656K, used 336K [0x00000000d5580000, 0x00000000d5d80000, 0x0000000100000000)
  eden space 6144K, 0% used [0x00000000d5580000,0x00000000d5580000,0x00000000d5b80000)
  from space 512K, 65% used [0x00000000d5c80000,0x00000000d5cd4010,0x00000000d5d00000)
  to   space 512K, 0% used [0x00000000d5d00000,0x00000000d5d00000,0x00000000d5d80000)
 ParOldGen       total 767488K, used 377041K [0x0000000080000000, 0x00000000aed80000, 0x00000000d5580000)
  object space 767488K, 49% used [0x0000000080000000,0x0000000097034670,0x00000000aed80000)
 Metaspace       used 87615K, committed 89472K, reserved 1179648K
  class space    used 8781K, committed 9664K, reserved 1048576K
}
Event: 2745.746 GC heap before
{Heap before GC invocations=1195 (full 5):
 PSYoungGen      total 6656K, used 6480K [0x00000000d5580000, 0x00000000d5d80000, 0x0000000100000000)
  eden space 6144K, 100% used [0x00000000d5580000,0x00000000d5b80000,0x00000000d5b80000)
  from space 512K, 65% used [0x00000000d5c80000,0x00000000d5cd4010,0x00000000d5d00000)
  to   space 512K, 0% used [0x00000000d5d00000,0x00000000d5d00000,0x00000000d5d80000)
 ParOldGen       total 767488K, used 377041K [0x0000000080000000, 0x00000000aed80000, 0x00000000d5580000)
  object space 767488K, 49% used [0x0000000080000000,0x0000000097034670,0x00000000aed80000)
 Metaspace       used 87616K, committed 89472K, reserved 1179648K
  class space    used 8781K, committed 9664K, reserved 1048576K
}
Event: 2745.755 GC heap after
{Heap after GC invocations=1195 (full 5):
 PSYoungGen      total 6656K, used 416K [0x00000000d5580000, 0x00000000d5d80000, 0x0000000100000000)
  eden space 6144K, 0% used [0x00000000d5580000,0x00000000d5580000,0x00000000d5b80000)
  from space 512K, 81% used [0x00000000d5d00000,0x00000000d5d68020,0x00000000d5d80000)
  to   space 512K, 0% used [0x00000000d5c80000,0x00000000d5c80000,0x00000000d5d00000)
 ParOldGen       total 767488K, used 377185K [0x0000000080000000, 0x00000000aed80000, 0x00000000d5580000)
  object space 767488K, 49% used [0x0000000080000000,0x0000000097058680,0x00000000aed80000)
 Metaspace       used 87616K, committed 89472K, reserved 1179648K
  class space    used 8781K, committed 9664K, reserved 1048576K
}
Event: 2752.614 GC heap before
{Heap before GC invocations=1196 (full 5):
 PSYoungGen      total 6656K, used 6560K [0x00000000d5580000, 0x00000000d5d80000, 0x0000000100000000)
  eden space 6144K, 100% used [0x00000000d5580000,0x00000000d5b80000,0x00000000d5b80000)
  from space 512K, 81% used [0x00000000d5d00000,0x00000000d5d68020,0x00000000d5d80000)
  to   space 512K, 0% used [0x00000000d5c80000,0x00000000d5c80000,0x00000000d5d00000)
 ParOldGen       total 767488K, used 377185K [0x0000000080000000, 0x00000000aed80000, 0x00000000d5580000)
  object space 767488K, 49% used [0x0000000080000000,0x0000000097058680,0x00000000aed80000)
 Metaspace       used 87619K, committed 89472K, reserved 1179648K
  class space    used 8781K, committed 9664K, reserved 1048576K
}
Event: 2752.620 GC heap after
{Heap after GC invocations=1196 (full 5):
 PSYoungGen      total 6656K, used 448K [0x00000000d5580000, 0x00000000d5d80000, 0x0000000100000000)
  eden space 6144K, 0% used [0x00000000d5580000,0x00000000d5580000,0x00000000d5b80000)
  from space 512K, 87% used [0x00000000d5c80000,0x00000000d5cf0020,0x00000000d5d00000)
  to   space 512K, 0% used [0x00000000d5d00000,0x00000000d5d00000,0x00000000d5d80000)
 ParOldGen       total 767488K, used 377321K [0x0000000080000000, 0x00000000aed80000, 0x00000000d5580000)
  object space 767488K, 49% used [0x0000000080000000,0x000000009707a6a0,0x00000000aed80000)
 Metaspace       used 87619K, committed 89472K, reserved 1179648K
  class space    used 8781K, committed 9664K, reserved 1048576K
}
Event: 2756.582 GC heap before
{Heap before GC invocations=1197 (full 5):
 PSYoungGen      total 6656K, used 6592K [0x00000000d5580000, 0x00000000d5d80000, 0x0000000100000000)
  eden space 6144K, 100% used [0x00000000d5580000,0x00000000d5b80000,0x00000000d5b80000)
  from space 512K, 87% used [0x00000000d5c80000,0x00000000d5cf0020,0x00000000d5d00000)
  to   space 512K, 0% used [0x00000000d5d00000,0x00000000d5d00000,0x00000000d5d80000)
 ParOldGen       total 767488K, used 377321K [0x0000000080000000, 0x00000000aed80000, 0x00000000d5580000)
  object space 767488K, 49% used [0x0000000080000000,0x000000009707a6a0,0x00000000aed80000)
 Metaspace       used 87624K, committed 89472K, reserved 1179648K
  class space    used 8781K, committed 9664K, reserved 1048576K
}
Event: 2756.587 GC heap after
{Heap after GC invocations=1197 (full 5):
 PSYoungGen      total 6656K, used 384K [0x00000000d5580000, 0x00000000d5d80000, 0x0000000100000000)
  eden space 6144K, 0% used [0x00000000d5580000,0x00000000d5580000,0x00000000d5b80000)
  from space 512K, 75% used [0x00000000d5d00000,0x00000000d5d60000,0x00000000d5d80000)
  to   space 512K, 0% used [0x00000000d5c80000,0x00000000d5c80000,0x00000000d5d00000)
 ParOldGen       total 767488K, used 377473K [0x0000000080000000, 0x00000000aed80000, 0x00000000d5580000)
  object space 767488K, 49% used [0x0000000080000000,0x00000000970a06d0,0x00000000aed80000)
 Metaspace       used 87624K, committed 89472K, reserved 1179648K
  class space    used 8781K, committed 9664K, reserved 1048576K
}

