# JRE version: OpenJDK Runtime Environment Temurin-21.0.8+9 (21.0.8+9) (build 21.0.8+9-LTS)
# Java VM: OpenJDK 64-Bit Server VM Temurin-21.0.8+9 (21.0.8+9-LTS, mixed mode, sharing, tiered, compressed oops, compressed class ptrs, parallel gc, windows-amd64)
GC Precious Log:
 CardTable entry size: 512
 CPUs: 12 total, 12 available
 Memory: 7502M
 Large Page Support: Disabled
 NUMA Support: Disabled
 Compressed Oops: Enabled (32-bit)
 Alignments: Space 512K, Generation 512K, Heap 2M
 Heap Min Capacity: 100M
 Heap Initial Capacity: 100M
 Heap Max Capacity: 2G
 Pre-touch: Disabled
 Parallel Workers: 10
Heap:
 PSYoungGen      total 3072K, used 576K [0x00000000d5580000, 0x00000000d5b00000, 0x0000000100000000)
  eden space 2560K, 6% used [0x00000000d5580000,0x00000000d55ac130,0x00000000d5800000)
  from space 512K, 78% used [0x00000000d5a80000,0x00000000d5ae4010,0x00000000d5b00000)
  to   space 512K, 0% used [0x00000000d5a00000,0x00000000d5a00000,0x00000000d5a80000)
 ParOldGen       total 425984K, used 125879K [0x0000000080000000, 0x000000009a000000, 0x00000000d5580000)
  object space 425984K, 29% used [0x0000000080000000,0x0000000087aedc10,0x000000009a000000)
 Metaspace       used 75793K, committed 77376K, reserved 1179648K
  class space    used 7689K, committed 8384K, reserved 1048576K
GC Heap History (20 events):
Event: 4157.936 GC heap before
{Heap before GC invocations=809 (full 4):
 PSYoungGen      total 3072K, used 2816K [0x00000000d5580000, 0x00000000d5b00000, 0x0000000100000000)
  eden space 2560K, 100% used [0x00000000d5580000,0x00000000d5800000,0x00000000d5800000)
  from space 512K, 50% used [0x00000000d5a80000,0x00000000d5ac0000,0x00000000d5b00000)
  to   space 512K, 0% used [0x00000000d5a00000,0x00000000d5a00000,0x00000000d5a80000)
 ParOldGen       total 425984K, used 124923K [0x0000000080000000, 0x000000009a000000, 0x00000000d5580000)
  object space 425984K, 29% used [0x0000000080000000,0x00000000879fec00,0x000000009a000000)
 Metaspace       used 75760K, committed 77376K, reserved 1179648K
  class space    used 7689K, committed 8384K, reserved 1048576K
}
Event: 4157.938 GC heap after
{Heap after GC invocations=809 (full 4):
 PSYoungGen      total 3072K, used 416K [0x00000000d5580000, 0x00000000d5b00000, 0x0000000100000000)
  eden space 2560K, 0% used [0x00000000d5580000,0x00000000d5580000,0x00000000d5800000)
  from space 512K, 81% used [0x00000000d5a00000,0x00000000d5a68000,0x00000000d5a80000)
  to   space 512K, 0% used [0x00000000d5a80000,0x00000000d5a80000,0x00000000d5b00000)
 ParOldGen       total 425984K, used 125003K [0x0000000080000000, 0x000000009a000000, 0x00000000d5580000)
  object space 425984K, 29% used [0x0000000080000000,0x0000000087a12c00,0x000000009a000000)
 Metaspace       used 75760K, committed 77376K, reserved 1179648K
  class space    used 7689K, committed 8384K, reserved 1048576K
}
Event: 4158.070 GC heap before
{Heap before GC invocations=810 (full 4):
 PSYoungGen      total 3072K, used 2975K [0x00000000d5580000, 0x00000000d5b00000, 0x0000000100000000)
  eden space 2560K, 99% used [0x00000000d5580000,0x00000000d57ffff8,0x00000000d5800000)
  from space 512K, 81% used [0x00000000d5a00000,0x00000000d5a68000,0x00000000d5a80000)
  to   space 512K, 0% used [0x00000000d5a80000,0x00000000d5a80000,0x00000000d5b00000)
 ParOldGen       total 425984K, used 125003K [0x0000000080000000, 0x000000009a000000, 0x00000000d5580000)
  object space 425984K, 29% used [0x0000000080000000,0x0000000087a12c00,0x000000009a000000)
 Metaspace       used 75761K, committed 77376K, reserved 1179648K
  class space    used 7689K, committed 8384K, reserved 1048576K
}
Event: 4158.072 GC heap after
{Heap after GC invocations=810 (full 4):
 PSYoungGen      total 3072K, used 320K [0x00000000d5580000, 0x00000000d5b00000, 0x0000000100000000)
  eden space 2560K, 0% used [0x00000000d5580000,0x00000000d5580000,0x00000000d5800000)
  from space 512K, 62% used [0x00000000d5a80000,0x00000000d5ad0000,0x00000000d5b00000)
  to   space 512K, 0% used [0x00000000d5a00000,0x00000000d5a00000,0x00000000d5a80000)
 ParOldGen       total 425984K, used 125195K [0x0000000080000000, 0x000000009a000000, 0x00000000d5580000)
  object space 425984K, 29% used [0x0000000080000000,0x0000000087a42c00,0x000000009a000000)
 Metaspace       used 75761K, committed 77376K, reserved 1179648K
  class space    used 7689K, committed 8384K, reserved 1048576K
}
Event: 4317.293 GC heap before
{Heap before GC invocations=811 (full 4):
 PSYoungGen      total 3072K, used 2874K [0x00000000d5580000, 0x00000000d5b00000, 0x0000000100000000)
  eden space 2560K, 99% used [0x00000000d5580000,0x00000000d57fe828,0x00000000d5800000)
  from space 512K, 62% used [0x00000000d5a80000,0x00000000d5ad0000,0x00000000d5b00000)
  to   space 512K, 0% used [0x00000000d5a00000,0x00000000d5a00000,0x00000000d5a80000)
 ParOldGen       total 425984K, used 125195K [0x0000000080000000, 0x000000009a000000, 0x00000000d5580000)
  object space 425984K, 29% used [0x0000000080000000,0x0000000087a42c00,0x000000009a000000)
 Metaspace       used 75772K, committed 77376K, reserved 1179648K
  class space    used 7689K, committed 8384K, reserved 1048576K
}
Event: 4317.368 GC heap after
{Heap after GC invocations=811 (full 4):
 PSYoungGen      total 3072K, used 384K [0x00000000d5580000, 0x00000000d5b00000, 0x0000000100000000)
  eden space 2560K, 0% used [0x00000000d5580000,0x00000000d5580000,0x00000000d5800000)
  from space 512K, 75% used [0x00000000d5a00000,0x00000000d5a60000,0x00000000d5a80000)
  to   space 512K, 0% used [0x00000000d5a80000,0x00000000d5a80000,0x00000000d5b00000)
 ParOldGen       total 425984K, used 125251K [0x0000000080000000, 0x000000009a000000, 0x00000000d5580000)
  object space 425984K, 29% used [0x0000000080000000,0x0000000087a50c00,0x000000009a000000)
 Metaspace       used 75772K, committed 77376K, reserved 1179648K
  class space    used 7689K, committed 8384K, reserved 1048576K
}
Event: 4372.984 GC heap before
{Heap before GC invocations=812 (full 4):
 PSYoungGen      total 3072K, used 2944K [0x00000000d5580000, 0x00000000d5b00000, 0x0000000100000000)
  eden space 2560K, 100% used [0x00000000d5580000,0x00000000d5800000,0x00000000d5800000)
  from space 512K, 75% used [0x00000000d5a00000,0x00000000d5a60000,0x00000000d5a80000)
  to   space 512K, 0% used [0x00000000d5a80000,0x00000000d5a80000,0x00000000d5b00000)
 ParOldGen       total 425984K, used 125251K [0x0000000080000000, 0x000000009a000000, 0x00000000d5580000)
  object space 425984K, 29% used [0x0000000080000000,0x0000000087a50c00,0x000000009a000000)
 Metaspace       used 75774K, committed 77376K, reserved 1179648K
  class space    used 7689K, committed 8384K, reserved 1048576K
}
Event: 4373.008 GC heap after
{Heap after GC invocations=812 (full 4):
 PSYoungGen      total 3072K, used 416K [0x00000000d5580000, 0x00000000d5b00000, 0x0000000100000000)
  eden space 2560K, 0% used [0x00000000d5580000,0x00000000d5580000,0x00000000d5800000)
  from space 512K, 81% used [0x00000000d5a80000,0x00000000d5ae8000,0x00000000d5b00000)
  to   space 512K, 0% used [0x00000000d5a00000,0x00000000d5a00000,0x00000000d5a80000)
 ParOldGen       total 425984K, used 125315K [0x0000000080000000, 0x000000009a000000, 0x00000000d5580000)
  object space 425984K, 29% used [0x0000000080000000,0x0000000087a60c00,0x000000009a000000)
 Metaspace       used 75774K, committed 77376K, reserved 1179648K
  class space    used 7689K, committed 8384K, reserved 1048576K
}
Event: 4373.475 GC heap before
{Heap before GC invocations=813 (full 4):
 PSYoungGen      total 3072K, used 2976K [0x00000000d5580000, 0x00000000d5b00000, 0x0000000100000000)
  eden space 2560K, 100% used [0x00000000d5580000,0x00000000d5800000,0x00000000d5800000)
  from space 512K, 81% used [0x00000000d5a80000,0x00000000d5ae8000,0x00000000d5b00000)
  to   space 512K, 0% used [0x00000000d5a00000,0x00000000d5a00000,0x00000000d5a80000)
 ParOldGen       total 425984K, used 125315K [0x0000000080000000, 0x000000009a000000, 0x00000000d5580000)
  object space 425984K, 29% used [0x0000000080000000,0x0000000087a60c00,0x000000009a000000)
 Metaspace       used 75774K, committed 77376K, reserved 1179648K
  class space    used 7689K, committed 8384K, reserved 1048576K
}
Event: 4373.486 GC heap after
{Heap after GC invocations=813 (full 4):
 PSYoungGen      total 3072K, used 320K [0x00000000d5580000, 0x00000000d5b00000, 0x0000000100000000)
  eden space 2560K, 0% used [0x00000000d5580000,0x00000000d5580000,0x00000000d5800000)
  from space 512K, 62% used [0x00000000d5a00000,0x00000000d5a50000,0x00000000d5a80000)
  to   space 512K, 0% used [0x00000000d5a80000,0x00000000d5a80000,0x00000000d5b00000)
 ParOldGen       total 425984K, used 125487K [0x0000000080000000, 0x000000009a000000, 0x00000000d5580000)
  object space 425984K, 29% used [0x0000000080000000,0x0000000087a8bc10,0x000000009a000000)
 Metaspace       used 75774K, committed 77376K, reserved 1179648K
  class space    used 7689K, committed 8384K, reserved 1048576K
}
Event: 4374.809 GC heap before
{Heap before GC invocations=814 (full 4):
 PSYoungGen      total 3072K, used 2877K [0x00000000d5580000, 0x00000000d5b00000, 0x0000000100000000)
  eden space 2560K, 99% used [0x00000000d5580000,0x00000000d57ff6d8,0x00000000d5800000)
  from space 512K, 62% used [0x00000000d5a00000,0x00000000d5a50000,0x00000000d5a80000)
  to   space 512K, 0% used [0x00000000d5a80000,0x00000000d5a80000,0x00000000d5b00000)
 ParOldGen       total 425984K, used 125487K [0x0000000080000000, 0x000000009a000000, 0x00000000d5580000)
  object space 425984K, 29% used [0x0000000080000000,0x0000000087a8bc10,0x000000009a000000)
 Metaspace       used 75782K, committed 77376K, reserved 1179648K
  class space    used 7689K, committed 8384K, reserved 1048576K
}
Event: 4374.817 GC heap after
{Heap after GC invocations=814 (full 4):
 PSYoungGen      total 3072K, used 352K [0x00000000d5580000, 0x00000000d5b00000, 0x0000000100000000)
  eden space 2560K, 0% used [0x00000000d5580000,0x00000000d5580000,0x00000000d5800000)
  from space 512K, 68% used [0x00000000d5a80000,0x00000000d5ad8000,0x00000000d5b00000)
  to   space 512K, 0% used [0x00000000d5a00000,0x00000000d5a00000,0x00000000d5a80000)
 ParOldGen       total 425984K, used 125559K [0x0000000080000000, 0x000000009a000000, 0x00000000d5580000)
  object space 425984K, 29% used [0x0000000080000000,0x0000000087a9dc10,0x000000009a000000)
 Metaspace       used 75782K, committed 77376K, reserved 1179648K
  class space    used 7689K, committed 8384K, reserved 1048576K
}
Event: 4576.639 GC heap before
{Heap before GC invocations=815 (full 4):
 PSYoungGen      total 3072K, used 2912K [0x00000000d5580000, 0x00000000d5b00000, 0x0000000100000000)
  eden space 2560K, 100% used [0x00000000d5580000,0x00000000d5800000,0x00000000d5800000)
  from space 512K, 68% used [0x00000000d5a80000,0x00000000d5ad8000,0x00000000d5b00000)
  to   space 512K, 0% used [0x00000000d5a00000,0x00000000d5a00000,0x00000000d5a80000)
 ParOldGen       total 425984K, used 125559K [0x0000000080000000, 0x000000009a000000, 0x00000000d5580000)
  object space 425984K, 29% used [0x0000000080000000,0x0000000087a9dc10,0x000000009a000000)
 Metaspace       used 75783K, committed 77376K, reserved 1179648K
  class space    used 7689K, committed 8384K, reserved 1048576K
}
Event: 4576.768 GC heap after
{Heap after GC invocations=815 (full 4):
 PSYoungGen      total 3072K, used 224K [0x00000000d5580000, 0x00000000d5b00000, 0x0000000100000000)
  eden space 2560K, 0% used [0x00000000d5580000,0x00000000d5580000,0x00000000d5800000)
  from space 512K, 43% used [0x00000000d5a00000,0x00000000d5a38000,0x00000000d5a80000)
  to   space 512K, 0% used [0x00000000d5a80000,0x00000000d5a80000,0x00000000d5b00000)
 ParOldGen       total 425984K, used 125591K [0x0000000080000000, 0x000000009a000000, 0x00000000d5580000)
  object space 425984K, 29% used [0x0000000080000000,0x0000000087aa5c10,0x000000009a000000)
 Metaspace       used 75783K, committed 77376K, reserved 1179648K
  class space    used 7689K, committed 8384K, reserved 1048576K
}
Event: 4578.761 GC heap before
{Heap before GC invocations=816 (full 4):
 PSYoungGen      total 3072K, used 2784K [0x00000000d5580000, 0x00000000d5b00000, 0x0000000100000000)
  eden space 2560K, 100% used [0x00000000d5580000,0x00000000d5800000,0x00000000d5800000)
  from space 512K, 43% used [0x00000000d5a00000,0x00000000d5a38000,0x00000000d5a80000)
  to   space 512K, 0% used [0x00000000d5a80000,0x00000000d5a80000,0x00000000d5b00000)
 ParOldGen       total 425984K, used 125591K [0x0000000080000000, 0x000000009a000000, 0x00000000d5580000)
  object space 425984K, 29% used [0x0000000080000000,0x0000000087aa5c10,0x000000009a000000)
 Metaspace       used 75783K, committed 77376K, reserved 1179648K
  class space    used 7689K, committed 8384K, reserved 1048576K
}
Event: 4578.770 GC heap after
{Heap after GC invocations=816 (full 4):
 PSYoungGen      total 3072K, used 416K [0x00000000d5580000, 0x00000000d5b00000, 0x0000000100000000)
  eden space 2560K, 0% used [0x00000000d5580000,0x00000000d5580000,0x00000000d5800000)
  from space 512K, 81% used [0x00000000d5a80000,0x00000000d5ae8000,0x00000000d5b00000)
  to   space 512K, 0% used [0x00000000d5a00000,0x00000000d5a00000,0x00000000d5a80000)
 ParOldGen       total 425984K, used 125647K [0x0000000080000000, 0x000000009a000000, 0x00000000d5580000)
  object space 425984K, 29% used [0x0000000080000000,0x0000000087ab3c10,0x000000009a000000)
 Metaspace       used 75783K, committed 77376K, reserved 1179648K
  class space    used 7689K, committed 8384K, reserved 1048576K
}
Event: 4579.415 GC heap before
{Heap before GC invocations=817 (full 4):
 PSYoungGen      total 3072K, used 2976K [0x00000000d5580000, 0x00000000d5b00000, 0x0000000100000000)
  eden space 2560K, 100% used [0x00000000d5580000,0x00000000d5800000,0x00000000d5800000)
  from space 512K, 81% used [0x00000000d5a80000,0x00000000d5ae8000,0x00000000d5b00000)
  to   space 512K, 0% used [0x00000000d5a00000,0x00000000d5a00000,0x00000000d5a80000)
 ParOldGen       total 425984K, used 125647K [0x0000000080000000, 0x000000009a000000, 0x00000000d5580000)
  object space 425984K, 29% used [0x0000000080000000,0x0000000087ab3c10,0x000000009a000000)
 Metaspace       used 75783K, committed 77376K, reserved 1179648K
  class space    used 7689K, committed 8384K, reserved 1048576K
}
Event: 4579.420 GC heap after
{Heap after GC invocations=817 (full 4):
 PSYoungGen      total 3072K, used 320K [0x00000000d5580000, 0x00000000d5b00000, 0x0000000100000000)
  eden space 2560K, 0% used [0x00000000d5580000,0x00000000d5580000,0x00000000d5800000)
  from space 512K, 62% used [0x00000000d5a00000,0x00000000d5a50000,0x00000000d5a80000)
  to   space 512K, 0% used [0x00000000d5a80000,0x00000000d5a80000,0x00000000d5b00000)
 ParOldGen       total 425984K, used 125823K [0x0000000080000000, 0x000000009a000000, 0x00000000d5580000)
  object space 425984K, 29% used [0x0000000080000000,0x0000000087adfc10,0x000000009a000000)
 Metaspace       used 75783K, committed 77376K, reserved 1179648K
  class space    used 7689K, committed 8384K, reserved 1048576K
}
Event: 4673.450 GC heap before
{Heap before GC invocations=818 (full 4):
 PSYoungGen      total 3072K, used 2880K [0x00000000d5580000, 0x00000000d5b00000, 0x0000000100000000)
  eden space 2560K, 100% used [0x00000000d5580000,0x00000000d5800000,0x00000000d5800000)
  from space 512K, 62% used [0x00000000d5a00000,0x00000000d5a50000,0x00000000d5a80000)
  to   space 512K, 0% used [0x00000000d5a80000,0x00000000d5a80000,0x00000000d5b00000)
 ParOldGen       total 425984K, used 125823K [0x0000000080000000, 0x000000009a000000, 0x00000000d5580000)
  object space 425984K, 29% used [0x0000000080000000,0x0000000087adfc10,0x000000009a000000)
 Metaspace       used 75790K, committed 77376K, reserved 1179648K
  class space    used 7689K, committed 8384K, reserved 1048576K
}
Event: 4673.558 GC heap after
{Heap after GC invocations=818 (full 4):
 PSYoungGen      total 3072K, used 400K [0x00000000d5580000, 0x00000000d5b00000, 0x0000000100000000)
  eden space 2560K, 0% used [0x00000000d5580000,0x00000000d5580000,0x00000000d5800000)
  from space 512K, 78% used [0x00000000d5a80000,0x00000000d5ae4010,0x00000000d5b00000)
  to   space 512K, 0% used [0x00000000d5a00000,0x00000000d5a00000,0x00000000d5a80000)
 ParOldGen       total 425984K, used 125879K [0x0000000080000000, 0x000000009a000000, 0x00000000d5580000)
  object space 425984K, 29% used [0x0000000080000000,0x0000000087aedc10,0x000000009a000000)
 Metaspace       used 75790K, committed 77376K, reserved 1179648K
  class space    used 7689K, committed 8384K, reserved 1048576K
}

