# JRE version: OpenJDK Runtime Environment Temurin-21.0.8+9 (21.0.8+9) (build 21.0.8+9-LTS)
# Java VM: OpenJDK 64-Bit Server VM Temurin-21.0.8+9 (21.0.8+9-LTS, mixed mode, sharing, tiered, compressed oops, compressed class ptrs, parallel gc, windows-amd64)
GC Precious Log:
 CardTable entry size: 512
 CPUs: 12 total, 12 available
 Memory: 7502M
 Large Page Support: Disabled
 NUMA Support: Disabled
 Compressed Oops: Enabled (32-bit)
 Alignments: Space 512K, Generation 512K, Heap 2M
 Heap Min Capacity: 100M
 Heap Initial Capacity: 100M
 Heap Max Capacity: 2G
 Pre-touch: Disabled
 Parallel Workers: 10
Heap:
 PSYoungGen      total 4096K, used 1084K [0x00000000d5580000, 0x00000000d5a80000, 0x0000000100000000)
  eden space 2560K, 6% used [0x00000000d5580000,0x00000000d55a7148,0x00000000d5800000)
  from space 1536K, 60% used [0x00000000d5800000,0x00000000d58e8000,0x00000000d5980000)
  to   space 1024K, 0% used [0x00000000d5980000,0x00000000d5980000,0x00000000d5a80000)
 ParOldGen       total 969728K, used 969436K [0x0000000080000000, 0x00000000bb300000, 0x00000000d5580000)
  object space 969728K, 99% used [0x0000000080000000,0x00000000bb2b73c0,0x00000000bb300000)
 Metaspace       used 66339K, committed 67840K, reserved 1114112K
  class space    used 6808K, committed 7488K, reserved 1048576K
GC Heap History (20 events):
Event: 57.692 GC heap after
{Heap after GC invocations=1732 (full 3):
 PSYoungGen      total 4608K, used 1508K [0x00000000d5580000, 0x00000000d5c00000, 0x0000000100000000)
  eden space 2560K, 0% used [0x00000000d5580000,0x00000000d5580000,0x00000000d5800000)
  from space 2048K, 73% used [0x00000000d5800000,0x00000000d5979208,0x00000000d5a00000)
  to   space 2048K, 0% used [0x00000000d5a00000,0x00000000d5a00000,0x00000000d5c00000)
 ParOldGen       total 960512K, used 960306K [0x0000000080000000, 0x00000000baa00000, 0x00000000d5580000)
  object space 960512K, 99% used [0x0000000080000000,0x00000000ba9cca00,0x00000000baa00000)
 Metaspace       used 66319K, committed 67840K, reserved 1114112K
  class space    used 6808K, committed 7488K, reserved 1048576K
}
Event: 58.824 GC heap before
{Heap before GC invocations=1733 (full 3):
 PSYoungGen      total 4608K, used 4068K [0x00000000d5580000, 0x00000000d5c00000, 0x0000000100000000)
  eden space 2560K, 100% used [0x00000000d5580000,0x00000000d5800000,0x00000000d5800000)
  from space 2048K, 73% used [0x00000000d5800000,0x00000000d5979208,0x00000000d5a00000)
  to   space 2048K, 0% used [0x00000000d5a00000,0x00000000d5a00000,0x00000000d5c00000)
 ParOldGen       total 960512K, used 960306K [0x0000000080000000, 0x00000000baa00000, 0x00000000d5580000)
  object space 960512K, 99% used [0x0000000080000000,0x00000000ba9cca00,0x00000000baa00000)
 Metaspace       used 66319K, committed 67840K, reserved 1114112K
  class space    used 6808K, committed 7488K, reserved 1048576K
}
Event: 58.832 GC heap after
{Heap after GC invocations=1733 (full 3):
 PSYoungGen      total 4096K, used 1237K [0x00000000d5580000, 0x00000000d5b80000, 0x0000000100000000)
  eden space 2560K, 0% used [0x00000000d5580000,0x00000000d5580000,0x00000000d5800000)
  from space 1536K, 80% used [0x00000000d5a00000,0x00000000d5b35468,0x00000000d5b80000)
  to   space 1536K, 0% used [0x00000000d5880000,0x00000000d5880000,0x00000000d5a00000)
 ParOldGen       total 962048K, used 961637K [0x0000000080000000, 0x00000000bab80000, 0x00000000d5580000)
  object space 962048K, 99% used [0x0000000080000000,0x00000000bab19518,0x00000000bab80000)
 Metaspace       used 66319K, committed 67840K, reserved 1114112K
  class space    used 6808K, committed 7488K, reserved 1048576K
}
Event: 58.918 GC heap before
{Heap before GC invocations=1734 (full 3):
 PSYoungGen      total 4096K, used 3797K [0x00000000d5580000, 0x00000000d5b80000, 0x0000000100000000)
  eden space 2560K, 100% used [0x00000000d5580000,0x00000000d5800000,0x00000000d5800000)
  from space 1536K, 80% used [0x00000000d5a00000,0x00000000d5b35468,0x00000000d5b80000)
  to   space 1536K, 0% used [0x00000000d5880000,0x00000000d5880000,0x00000000d5a00000)
 ParOldGen       total 962048K, used 961637K [0x0000000080000000, 0x00000000bab80000, 0x00000000d5580000)
  object space 962048K, 99% used [0x0000000080000000,0x00000000bab19518,0x00000000bab80000)
 Metaspace       used 66335K, committed 67840K, reserved 1114112K
  class space    used 6808K, committed 7488K, reserved 1048576K
}
Event: 58.923 GC heap after
{Heap after GC invocations=1734 (full 3):
 PSYoungGen      total 4096K, used 1509K [0x00000000d5580000, 0x00000000d5d00000, 0x0000000100000000)
  eden space 2560K, 0% used [0x00000000d5580000,0x00000000d5580000,0x00000000d5800000)
  from space 1536K, 98% used [0x00000000d5880000,0x00000000d59f9428,0x00000000d5a00000)
  to   space 2560K, 0% used [0x00000000d5a80000,0x00000000d5a80000,0x00000000d5d00000)
 ParOldGen       total 962560K, used 962357K [0x0000000080000000, 0x00000000bac00000, 0x00000000d5580000)
  object space 962560K, 99% used [0x0000000080000000,0x00000000babcd530,0x00000000bac00000)
 Metaspace       used 66335K, committed 67840K, reserved 1114112K
  class space    used 6808K, committed 7488K, reserved 1048576K
}
Event: 59.083 GC heap before
{Heap before GC invocations=1735 (full 3):
 PSYoungGen      total 4096K, used 4069K [0x00000000d5580000, 0x00000000d5d00000, 0x0000000100000000)
  eden space 2560K, 100% used [0x00000000d5580000,0x00000000d5800000,0x00000000d5800000)
  from space 1536K, 98% used [0x00000000d5880000,0x00000000d59f9428,0x00000000d5a00000)
  to   space 2560K, 0% used [0x00000000d5a80000,0x00000000d5a80000,0x00000000d5d00000)
 ParOldGen       total 962560K, used 962357K [0x0000000080000000, 0x00000000bac00000, 0x00000000d5580000)
  object space 962560K, 99% used [0x0000000080000000,0x00000000babcd530,0x00000000bac00000)
 Metaspace       used 66335K, committed 67840K, reserved 1114112K
  class space    used 6808K, committed 7488K, reserved 1048576K
}
Event: 59.089 GC heap after
{Heap after GC invocations=1735 (full 3):
 PSYoungGen      total 4096K, used 1344K [0x00000000d5580000, 0x00000000d5c00000, 0x0000000100000000)
  eden space 2560K, 0% used [0x00000000d5580000,0x00000000d5580000,0x00000000d5800000)
  from space 1536K, 87% used [0x00000000d5a80000,0x00000000d5bd0000,0x00000000d5c00000)
  to   space 2048K, 0% used [0x00000000d5800000,0x00000000d5800000,0x00000000d5a00000)
 ParOldGen       total 964096K, used 963904K [0x0000000080000000, 0x00000000bad80000, 0x00000000d5580000)
  object space 964096K, 99% used [0x0000000080000000,0x00000000bad50038,0x00000000bad80000)
 Metaspace       used 66335K, committed 67840K, reserved 1114112K
  class space    used 6808K, committed 7488K, reserved 1048576K
}
Event: 59.171 GC heap before
{Heap before GC invocations=1736 (full 3):
 PSYoungGen      total 4096K, used 3904K [0x00000000d5580000, 0x00000000d5c00000, 0x0000000100000000)
  eden space 2560K, 100% used [0x00000000d5580000,0x00000000d5800000,0x00000000d5800000)
  from space 1536K, 87% used [0x00000000d5a80000,0x00000000d5bd0000,0x00000000d5c00000)
  to   space 2048K, 0% used [0x00000000d5800000,0x00000000d5800000,0x00000000d5a00000)
 ParOldGen       total 964096K, used 963904K [0x0000000080000000, 0x00000000bad80000, 0x00000000d5580000)
  object space 964096K, 99% used [0x0000000080000000,0x00000000bad50038,0x00000000bad80000)
 Metaspace       used 66335K, committed 67840K, reserved 1114112K
  class space    used 6808K, committed 7488K, reserved 1048576K
}
Event: 59.175 GC heap after
{Heap after GC invocations=1736 (full 3):
 PSYoungGen      total 4096K, used 1220K [0x00000000d5580000, 0x00000000d5b00000, 0x0000000100000000)
  eden space 2560K, 0% used [0x00000000d5580000,0x00000000d5580000,0x00000000d5800000)
  from space 1536K, 79% used [0x00000000d5800000,0x00000000d5931010,0x00000000d5980000)
  to   space 1536K, 0% used [0x00000000d5980000,0x00000000d5980000,0x00000000d5b00000)
 ParOldGen       total 965120K, used 964792K [0x0000000080000000, 0x00000000bae80000, 0x00000000d5580000)
  object space 965120K, 99% used [0x0000000080000000,0x00000000bae2e288,0x00000000bae80000)
 Metaspace       used 66335K, committed 67840K, reserved 1114112K
  class space    used 6808K, committed 7488K, reserved 1048576K
}
Event: 59.339 GC heap before
{Heap before GC invocations=1737 (full 3):
 PSYoungGen      total 4096K, used 3778K [0x00000000d5580000, 0x00000000d5b00000, 0x0000000100000000)
  eden space 2560K, 99% used [0x00000000d5580000,0x00000000d57ff960,0x00000000d5800000)
  from space 1536K, 79% used [0x00000000d5800000,0x00000000d5931010,0x00000000d5980000)
  to   space 1536K, 0% used [0x00000000d5980000,0x00000000d5980000,0x00000000d5b00000)
 ParOldGen       total 965120K, used 964792K [0x0000000080000000, 0x00000000bae80000, 0x00000000d5580000)
  object space 965120K, 99% used [0x0000000080000000,0x00000000bae2e288,0x00000000bae80000)
 Metaspace       used 66335K, committed 67840K, reserved 1114112K
  class space    used 6808K, committed 7488K, reserved 1048576K
}
Event: 59.343 GC heap after
{Heap after GC invocations=1737 (full 3):
 PSYoungGen      total 4096K, used 914K [0x00000000d5580000, 0x00000000d5b00000, 0x0000000100000000)
  eden space 2560K, 0% used [0x00000000d5580000,0x00000000d5580000,0x00000000d5800000)
  from space 1536K, 59% used [0x00000000d5980000,0x00000000d5a64808,0x00000000d5b00000)
  to   space 1536K, 0% used [0x00000000d5800000,0x00000000d5800000,0x00000000d5980000)
 ParOldGen       total 965632K, used 965476K [0x0000000080000000, 0x00000000baf00000, 0x00000000d5580000)
  object space 965632K, 99% used [0x0000000080000000,0x00000000baed9318,0x00000000baf00000)
 Metaspace       used 66335K, committed 67840K, reserved 1114112K
  class space    used 6808K, committed 7488K, reserved 1048576K
}
Event: 59.521 GC heap before
{Heap before GC invocations=1738 (full 3):
 PSYoungGen      total 4096K, used 3474K [0x00000000d5580000, 0x00000000d5b00000, 0x0000000100000000)
  eden space 2560K, 100% used [0x00000000d5580000,0x00000000d5800000,0x00000000d5800000)
  from space 1536K, 59% used [0x00000000d5980000,0x00000000d5a64808,0x00000000d5b00000)
  to   space 1536K, 0% used [0x00000000d5800000,0x00000000d5800000,0x00000000d5980000)
 ParOldGen       total 965632K, used 965476K [0x0000000080000000, 0x00000000baf00000, 0x00000000d5580000)
  object space 965632K, 99% used [0x0000000080000000,0x00000000baed9318,0x00000000baf00000)
 Metaspace       used 66338K, committed 67840K, reserved 1114112K
  class space    used 6808K, committed 7488K, reserved 1048576K
}
Event: 59.525 GC heap after
{Heap after GC invocations=1738 (full 3):
 PSYoungGen      total 4096K, used 1330K [0x00000000d5580000, 0x00000000d5b00000, 0x0000000100000000)
  eden space 2560K, 0% used [0x00000000d5580000,0x00000000d5580000,0x00000000d5800000)
  from space 1536K, 86% used [0x00000000d5800000,0x00000000d594cae0,0x00000000d5980000)
  to   space 1536K, 0% used [0x00000000d5980000,0x00000000d5980000,0x00000000d5b00000)
 ParOldGen       total 966656K, used 966261K [0x0000000080000000, 0x00000000bb000000, 0x00000000d5580000)
  object space 966656K, 99% used [0x0000000080000000,0x00000000baf9d748,0x00000000bb000000)
 Metaspace       used 66338K, committed 67840K, reserved 1114112K
  class space    used 6808K, committed 7488K, reserved 1048576K
}
Event: 59.593 GC heap before
{Heap before GC invocations=1739 (full 3):
 PSYoungGen      total 4096K, used 3567K [0x00000000d5580000, 0x00000000d5b00000, 0x0000000100000000)
  eden space 2560K, 87% used [0x00000000d5580000,0x00000000d57af4f8,0x00000000d5800000)
  from space 1536K, 86% used [0x00000000d5800000,0x00000000d594cae0,0x00000000d5980000)
  to   space 1536K, 0% used [0x00000000d5980000,0x00000000d5980000,0x00000000d5b00000)
 ParOldGen       total 966656K, used 966261K [0x0000000080000000, 0x00000000bb000000, 0x00000000d5580000)
  object space 966656K, 99% used [0x0000000080000000,0x00000000baf9d748,0x00000000bb000000)
 Metaspace       used 66338K, committed 67840K, reserved 1114112K
  class space    used 6808K, committed 7488K, reserved 1048576K
}
Event: 59.598 GC heap after
{Heap after GC invocations=1739 (full 3):
 PSYoungGen      total 4096K, used 946K [0x00000000d5580000, 0x00000000d5b00000, 0x0000000100000000)
  eden space 2560K, 0% used [0x00000000d5580000,0x00000000d5580000,0x00000000d5800000)
  from space 1536K, 61% used [0x00000000d5980000,0x00000000d5a6c808,0x00000000d5b00000)
  to   space 1536K, 0% used [0x00000000d5800000,0x00000000d5800000,0x00000000d5980000)
 ParOldGen       total 967168K, used 966983K [0x0000000080000000, 0x00000000bb080000, 0x00000000d5580000)
  object space 967168K, 99% used [0x0000000080000000,0x00000000bb051dd0,0x00000000bb080000)
 Metaspace       used 66338K, committed 67840K, reserved 1114112K
  class space    used 6808K, committed 7488K, reserved 1048576K
}
Event: 59.748 GC heap before
{Heap before GC invocations=1740 (full 3):
 PSYoungGen      total 4096K, used 3506K [0x00000000d5580000, 0x00000000d5b00000, 0x0000000100000000)
  eden space 2560K, 100% used [0x00000000d5580000,0x00000000d5800000,0x00000000d5800000)
  from space 1536K, 61% used [0x00000000d5980000,0x00000000d5a6c808,0x00000000d5b00000)
  to   space 1536K, 0% used [0x00000000d5800000,0x00000000d5800000,0x00000000d5980000)
 ParOldGen       total 967168K, used 966983K [0x0000000080000000, 0x00000000bb080000, 0x00000000d5580000)
  object space 967168K, 99% used [0x0000000080000000,0x00000000bb051dd0,0x00000000bb080000)
 Metaspace       used 66339K, committed 67840K, reserved 1114112K
  class space    used 6808K, committed 7488K, reserved 1048576K
}
Event: 59.753 GC heap after
{Heap after GC invocations=1740 (full 3):
 PSYoungGen      total 4096K, used 1456K [0x00000000d5580000, 0x00000000d5c00000, 0x0000000100000000)
  eden space 2560K, 0% used [0x00000000d5580000,0x00000000d5580000,0x00000000d5800000)
  from space 1536K, 94% used [0x00000000d5800000,0x00000000d596c008,0x00000000d5980000)
  to   space 2048K, 0% used [0x00000000d5a00000,0x00000000d5a00000,0x00000000d5c00000)
 ParOldGen       total 968192K, used 967696K [0x0000000080000000, 0x00000000bb180000, 0x00000000d5580000)
  object space 968192K, 99% used [0x0000000080000000,0x00000000bb1041c8,0x00000000bb180000)
 Metaspace       used 66339K, committed 67840K, reserved 1114112K
  class space    used 6808K, committed 7488K, reserved 1048576K
}
Event: 60.067 GC heap before
{Heap before GC invocations=1741 (full 3):
 PSYoungGen      total 4096K, used 4016K [0x00000000d5580000, 0x00000000d5c00000, 0x0000000100000000)
  eden space 2560K, 100% used [0x00000000d5580000,0x00000000d5800000,0x00000000d5800000)
  from space 1536K, 94% used [0x00000000d5800000,0x00000000d596c008,0x00000000d5980000)
  to   space 2048K, 0% used [0x00000000d5a00000,0x00000000d5a00000,0x00000000d5c00000)
 ParOldGen       total 968192K, used 967696K [0x0000000080000000, 0x00000000bb180000, 0x00000000d5580000)
  object space 968192K, 99% used [0x0000000080000000,0x00000000bb1041c8,0x00000000bb180000)
 Metaspace       used 66339K, committed 67840K, reserved 1114112K
  class space    used 6808K, committed 7488K, reserved 1048576K
}
Event: 60.072 GC heap after
{Heap after GC invocations=1741 (full 3):
 PSYoungGen      total 4096K, used 1088K [0x00000000d5580000, 0x00000000d5b80000, 0x0000000100000000)
  eden space 2560K, 0% used [0x00000000d5580000,0x00000000d5580000,0x00000000d5800000)
  from space 1536K, 70% used [0x00000000d5a00000,0x00000000d5b10000,0x00000000d5b80000)
  to   space 1536K, 0% used [0x00000000d5800000,0x00000000d5800000,0x00000000d5980000)
 ParOldGen       total 968704K, used 968693K [0x0000000080000000, 0x00000000bb200000, 0x00000000d5580000)
  object space 968704K, 99% used [0x0000000080000000,0x00000000bb1fd7a8,0x00000000bb200000)
 Metaspace       used 66339K, committed 67840K, reserved 1114112K
  class space    used 6808K, committed 7488K, reserved 1048576K
}
Event: 60.438 GC heap before
{Heap before GC invocations=1742 (full 3):
 PSYoungGen      total 4096K, used 3648K [0x00000000d5580000, 0x00000000d5b80000, 0x0000000100000000)
  eden space 2560K, 100% used [0x00000000d5580000,0x00000000d5800000,0x00000000d5800000)
  from space 1536K, 70% used [0x00000000d5a00000,0x00000000d5b10000,0x00000000d5b80000)
  to   space 1536K, 0% used [0x00000000d5800000,0x00000000d5800000,0x00000000d5980000)
 ParOldGen       total 968704K, used 968693K [0x0000000080000000, 0x00000000bb200000, 0x00000000d5580000)
  object space 968704K, 99% used [0x0000000080000000,0x00000000bb1fd7a8,0x00000000bb200000)
 Metaspace       used 66339K, committed 67840K, reserved 1114112K
  class space    used 6808K, committed 7488K, reserved 1048576K
}

