# JRE version: OpenJDK Runtime Environment Temurin-21.0.7+6 (21.0.7+6) (build 21.0.7+6-LTS)
# Java VM: OpenJDK 64-Bit Server VM Temurin-21.0.7+6 (21.0.7+6-LTS, mixed mode, sharing, tiered, compressed oops, compressed class ptrs, g1 gc, windows-amd64)
GC Precious Log:
 CardTable entry size: 512
 Card Set container configuration: InlinePtr #cards 5 size 8 Array Of Cards #cards 12 size 40 Howl #buckets 4 coarsen threshold 1843 Howl Bitmap #cards 512 size 80 coarsen threshold 460 Card regions per heap region 1 cards per card region 2048
 CPUs: 12 total, 12 available
 Memory: 7502M
 Large Page Support: Disabled
 NUMA Support: Disabled
 Compressed Oops: Enabled (32-bit)
 Heap Region Size: 1M
 Heap Min Capacity: 8M
 Heap Initial Capacity: 118M
 Heap Max Capacity: 1876M
 Pre-touch: Disabled
 Parallel Workers: 10
 Concurrent Workers: 3
 Concurrent Refinement Workers: 10
 Periodic GC: Disabled
Heap:
 garbage-first heap   total 82944K, used 65060K [0x000000008ac00000, 0x0000000100000000)
  region size 1024K, 26 young (26624K), 5 survivors (5120K)
 Metaspace       used 89770K, committed 90624K, reserved 1179648K
  class space    used 11987K, committed 12352K, reserved 1048576K
GC Heap History (20 events):
Event: 7.413 GC heap before
{Heap before GC invocations=4 (full 0):
 garbage-first heap   total 58368K, used 56615K [0x000000008ac00000, 0x0000000100000000)
  region size 1024K, 47 young (48128K), 7 survivors (7168K)
 Metaspace       used 26235K, committed 26688K, reserved 1114112K
  class space    used 3241K, committed 3456K, reserved 1048576K
}
Event: 7.435 GC heap after
{Heap after GC invocations=5 (full 0):
 garbage-first heap   total 68608K, used 18438K [0x000000008ac00000, 0x0000000100000000)
  region size 1024K, 7 young (7168K), 7 survivors (7168K)
 Metaspace       used 26235K, committed 26688K, reserved 1114112K
  class space    used 3241K, committed 3456K, reserved 1048576K
}
Event: 11.548 GC heap before
{Heap before GC invocations=5 (full 0):
 garbage-first heap   total 68608K, used 51206K [0x000000008ac00000, 0x0000000100000000)
  region size 1024K, 39 young (39936K), 7 survivors (7168K)
 Metaspace       used 32308K, committed 32832K, reserved 1114112K
  class space    used 4209K, committed 4480K, reserved 1048576K
}
Event: 11.581 GC heap after
{Heap after GC invocations=6 (full 0):
 garbage-first heap   total 68608K, used 22016K [0x000000008ac00000, 0x0000000100000000)
  region size 1024K, 4 young (4096K), 4 survivors (4096K)
 Metaspace       used 32308K, committed 32832K, reserved 1114112K
  class space    used 4209K, committed 4480K, reserved 1048576K
}
Event: 13.399 GC heap before
{Heap before GC invocations=6 (full 0):
 garbage-first heap   total 68608K, used 36352K [0x000000008ac00000, 0x0000000100000000)
  region size 1024K, 19 young (19456K), 4 survivors (4096K)
 Metaspace       used 35532K, committed 35968K, reserved 1114112K
  class space    used 4595K, committed 4800K, reserved 1048576K
}
Event: 13.420 GC heap after
{Heap after GC invocations=7 (full 0):
 garbage-first heap   total 68608K, used 23803K [0x000000008ac00000, 0x0000000100000000)
  region size 1024K, 2 young (2048K), 2 survivors (2048K)
 Metaspace       used 35532K, committed 35968K, reserved 1114112K
  class space    used 4595K, committed 4800K, reserved 1048576K
}
Event: 16.060 GC heap before
{Heap before GC invocations=8 (full 0):
 garbage-first heap   total 68608K, used 55547K [0x000000008ac00000, 0x0000000100000000)
  region size 1024K, 33 young (33792K), 2 survivors (2048K)
 Metaspace       used 43073K, committed 43584K, reserved 1114112K
  class space    used 5757K, committed 5952K, reserved 1048576K
}
Event: 16.075 GC heap after
{Heap after GC invocations=9 (full 0):
 garbage-first heap   total 68608K, used 25695K [0x000000008ac00000, 0x0000000100000000)
  region size 1024K, 4 young (4096K), 4 survivors (4096K)
 Metaspace       used 43073K, committed 43584K, reserved 1114112K
  class space    used 5757K, committed 5952K, reserved 1048576K
}
Event: 18.358 GC heap before
{Heap before GC invocations=9 (full 0):
 garbage-first heap   total 68608K, used 57439K [0x000000008ac00000, 0x0000000100000000)
  region size 1024K, 35 young (35840K), 4 survivors (4096K)
 Metaspace       used 51719K, committed 52352K, reserved 1114112K
  class space    used 6807K, committed 7104K, reserved 1048576K
}
Event: 18.414 GC heap after
{Heap after GC invocations=10 (full 0):
 garbage-first heap   total 68608K, used 28213K [0x000000008ac00000, 0x0000000100000000)
  region size 1024K, 5 young (5120K), 5 survivors (5120K)
 Metaspace       used 51719K, committed 52352K, reserved 1114112K
  class space    used 6807K, committed 7104K, reserved 1048576K
}
Event: 20.815 GC heap before
{Heap before GC invocations=10 (full 0):
 garbage-first heap   total 68608K, used 51765K [0x000000008ac00000, 0x0000000100000000)
  region size 1024K, 29 young (29696K), 5 survivors (5120K)
 Metaspace       used 59491K, committed 60096K, reserved 1114112K
  class space    used 8060K, committed 8384K, reserved 1048576K
}
Event: 20.839 GC heap after
{Heap after GC invocations=11 (full 0):
 garbage-first heap   total 68608K, used 29719K [0x000000008ac00000, 0x0000000100000000)
  region size 1024K, 2 young (2048K), 2 survivors (2048K)
 Metaspace       used 59491K, committed 60096K, reserved 1114112K
  class space    used 8060K, committed 8384K, reserved 1048576K
}
Event: 23.294 GC heap before
{Heap before GC invocations=12 (full 0):
 garbage-first heap   total 68608K, used 59415K [0x000000008ac00000, 0x0000000100000000)
  region size 1024K, 31 young (31744K), 2 survivors (2048K)
 Metaspace       used 65852K, committed 66496K, reserved 1114112K
  class space    used 8964K, committed 9280K, reserved 1048576K
}
Event: 23.301 GC heap after
{Heap after GC invocations=13 (full 0):
 garbage-first heap   total 82944K, used 32549K [0x000000008ac00000, 0x0000000100000000)
  region size 1024K, 4 young (4096K), 4 survivors (4096K)
 Metaspace       used 65852K, committed 66496K, reserved 1114112K
  class space    used 8964K, committed 9280K, reserved 1048576K
}
Event: 28.357 GC heap before
{Heap before GC invocations=13 (full 0):
 garbage-first heap   total 82944K, used 72485K [0x000000008ac00000, 0x0000000100000000)
  region size 1024K, 43 young (44032K), 4 survivors (4096K)
 Metaspace       used 74193K, committed 74880K, reserved 1114112K
  class space    used 10066K, committed 10368K, reserved 1048576K
}
Event: 28.376 GC heap after
{Heap after GC invocations=14 (full 0):
 garbage-first heap   total 82944K, used 35276K [0x000000008ac00000, 0x0000000100000000)
  region size 1024K, 6 young (6144K), 6 survivors (6144K)
 Metaspace       used 74193K, committed 74880K, reserved 1114112K
  class space    used 10066K, committed 10368K, reserved 1048576K
}
Event: 33.525 GC heap before
{Heap before GC invocations=14 (full 0):
 garbage-first heap   total 82944K, used 71116K [0x000000008ac00000, 0x0000000100000000)
  region size 1024K, 41 young (41984K), 6 survivors (6144K)
 Metaspace       used 80730K, committed 81536K, reserved 1179648K
  class space    used 10912K, committed 11264K, reserved 1048576K
}
Event: 33.539 GC heap after
{Heap after GC invocations=15 (full 0):
 garbage-first heap   total 82944K, used 39648K [0x000000008ac00000, 0x0000000100000000)
  region size 1024K, 5 young (5120K), 5 survivors (5120K)
 Metaspace       used 80730K, committed 81536K, reserved 1179648K
  class space    used 10912K, committed 11264K, reserved 1048576K
}
Event: 51.273 GC heap before
{Heap before GC invocations=15 (full 0):
 garbage-first heap   total 82944K, used 70368K [0x000000008ac00000, 0x0000000100000000)
  region size 1024K, 36 young (36864K), 5 survivors (5120K)
 Metaspace       used 87061K, committed 87872K, reserved 1179648K
  class space    used 11713K, committed 12096K, reserved 1048576K
}
Event: 51.300 GC heap after
{Heap after GC invocations=16 (full 0):
 garbage-first heap   total 82944K, used 45604K [0x000000008ac00000, 0x0000000100000000)
  region size 1024K, 5 young (5120K), 5 survivors (5120K)
 Metaspace       used 87061K, committed 87872K, reserved 1179648K
  class space    used 11713K, committed 12096K, reserved 1048576K
}

