# JRE version: OpenJDK Runtime Environment Temurin-21.0.7+6 (21.0.7+6) (build 21.0.7+6-LTS)
# Java VM: OpenJDK 64-Bit Server VM Temurin-21.0.7+6 (21.0.7+6-LTS, mixed mode, sharing, tiered, compressed oops, compressed class ptrs, g1 gc, windows-amd64)
GC Precious Log:
 CardTable entry size: 512
 Card Set container configuration: InlinePtr #cards 5 size 8 Array Of Cards #cards 12 size 40 Howl #buckets 4 coarsen threshold 1843 Howl Bitmap #cards 512 size 80 coarsen threshold 460 Card regions per heap region 1 cards per card region 2048
 CPUs: 12 total, 12 available
 Memory: 7502M
 Large Page Support: Disabled
 NUMA Support: Disabled
 Compressed Oops: Enabled (32-bit)
 Heap Region Size: 1M
 Heap Min Capacity: 8M
 Heap Initial Capacity: 118M
 Heap Max Capacity: 1876M
 Pre-touch: Disabled
 Parallel Workers: 10
 Concurrent Workers: 3
 Concurrent Refinement Workers: 10
 Periodic GC: Disabled
Heap:
 garbage-first heap   total 82944K, used 62202K [0x000000008ac00000, 0x0000000100000000)
  region size 1024K, 38 young (38912K), 4 survivors (4096K)
 Metaspace       used 67117K, committed 67776K, reserved 1114112K
  class space    used 9137K, committed 9408K, reserved 1048576K
GC Heap History (18 events):
Event: 1.619 GC heap before
{Heap before GC invocations=0 (full 0):
 garbage-first heap   total 120832K, used 24576K [0x000000008ac00000, 0x0000000100000000)
  region size 1024K, 23 young (23552K), 0 survivors (0K)
 Metaspace       used 5600K, committed 5824K, reserved 1114112K
  class space    used 649K, committed 768K, reserved 1048576K
}
Event: 1.633 GC heap after
{Heap after GC invocations=1 (full 0):
 garbage-first heap   total 120832K, used 9216K [0x000000008ac00000, 0x0000000100000000)
  region size 1024K, 3 young (3072K), 3 survivors (3072K)
 Metaspace       used 5600K, committed 5824K, reserved 1114112K
  class space    used 649K, committed 768K, reserved 1048576K
}
Event: 3.027 GC heap before
{Heap before GC invocations=1 (full 0):
 garbage-first heap   total 120832K, used 34816K [0x000000008ac00000, 0x0000000100000000)
  region size 1024K, 29 young (29696K), 3 survivors (3072K)
 Metaspace       used 12010K, committed 12352K, reserved 1114112K
  class space    used 1617K, committed 1792K, reserved 1048576K
}
Event: 3.040 GC heap after
{Heap after GC invocations=2 (full 0):
 garbage-first heap   total 120832K, used 12103K [0x000000008ac00000, 0x0000000100000000)
  region size 1024K, 3 young (3072K), 3 survivors (3072K)
 Metaspace       used 12010K, committed 12352K, reserved 1114112K
  class space    used 1617K, committed 1792K, reserved 1048576K
}
Event: 4.276 GC heap before
{Heap before GC invocations=2 (full 0):
 garbage-first heap   total 120832K, used 49991K [0x000000008ac00000, 0x0000000100000000)
  region size 1024K, 42 young (43008K), 3 survivors (3072K)
 Metaspace       used 21188K, committed 21504K, reserved 1114112K
  class space    used 2647K, committed 2816K, reserved 1048576K
}
Event: 4.288 GC heap after
{Heap after GC invocations=3 (full 0):
 garbage-first heap   total 120832K, used 16145K [0x000000008ac00000, 0x0000000100000000)
  region size 1024K, 7 young (7168K), 7 survivors (7168K)
 Metaspace       used 21188K, committed 21504K, reserved 1114112K
  class space    used 2647K, committed 2816K, reserved 1048576K
}
Event: 6.430 GC heap before
{Heap before GC invocations=4 (full 0):
 garbage-first heap   total 58368K, used 57105K [0x000000008ac00000, 0x0000000100000000)
  region size 1024K, 47 young (48128K), 7 survivors (7168K)
 Metaspace       used 26216K, committed 26624K, reserved 1114112K
  class space    used 3239K, committed 3456K, reserved 1048576K
}
Event: 6.450 GC heap after
{Heap after GC invocations=5 (full 0):
 garbage-first heap   total 68608K, used 18622K [0x000000008ac00000, 0x0000000100000000)
  region size 1024K, 7 young (7168K), 7 survivors (7168K)
 Metaspace       used 26216K, committed 26624K, reserved 1114112K
  class space    used 3239K, committed 3456K, reserved 1048576K
}
Event: 8.446 GC heap before
{Heap before GC invocations=5 (full 0):
 garbage-first heap   total 68608K, used 51390K [0x000000008ac00000, 0x0000000100000000)
  region size 1024K, 39 young (39936K), 7 survivors (7168K)
 Metaspace       used 32160K, committed 32704K, reserved 1114112K
  class space    used 4171K, committed 4416K, reserved 1048576K
}
Event: 8.474 GC heap after
{Heap after GC invocations=6 (full 0):
 garbage-first heap   total 68608K, used 22016K [0x000000008ac00000, 0x0000000100000000)
  region size 1024K, 4 young (4096K), 4 survivors (4096K)
 Metaspace       used 32160K, committed 32704K, reserved 1114112K
  class space    used 4171K, committed 4416K, reserved 1048576K
}
Event: 9.669 GC heap before
{Heap before GC invocations=6 (full 0):
 garbage-first heap   total 68608K, used 38400K [0x000000008ac00000, 0x0000000100000000)
  region size 1024K, 21 young (21504K), 4 survivors (4096K)
 Metaspace       used 35599K, committed 36096K, reserved 1114112K
  class space    used 4617K, committed 4864K, reserved 1048576K
}
Event: 9.683 GC heap after
{Heap after GC invocations=7 (full 0):
 garbage-first heap   total 68608K, used 24064K [0x000000008ac00000, 0x0000000100000000)
  region size 1024K, 2 young (2048K), 2 survivors (2048K)
 Metaspace       used 35599K, committed 36096K, reserved 1114112K
  class space    used 4617K, committed 4864K, reserved 1048576K
}
Event: 11.874 GC heap before
{Heap before GC invocations=8 (full 0):
 garbage-first heap   total 68608K, used 55808K [0x000000008ac00000, 0x0000000100000000)
  region size 1024K, 33 young (33792K), 2 survivors (2048K)
 Metaspace       used 43373K, committed 43968K, reserved 1114112K
  class space    used 5783K, committed 6080K, reserved 1048576K
}
Event: 11.891 GC heap after
{Heap after GC invocations=9 (full 0):
 garbage-first heap   total 68608K, used 26095K [0x000000008ac00000, 0x0000000100000000)
  region size 1024K, 4 young (4096K), 4 survivors (4096K)
 Metaspace       used 43373K, committed 43968K, reserved 1114112K
  class space    used 5783K, committed 6080K, reserved 1048576K
}
Event: 13.683 GC heap before
{Heap before GC invocations=9 (full 0):
 garbage-first heap   total 68608K, used 57839K [0x000000008ac00000, 0x0000000100000000)
  region size 1024K, 35 young (35840K), 4 survivors (4096K)
 Metaspace       used 51959K, committed 52608K, reserved 1114112K
  class space    used 6863K, committed 7168K, reserved 1048576K
}
Event: 13.705 GC heap after
{Heap after GC invocations=10 (full 0):
 garbage-first heap   total 68608K, used 28258K [0x000000008ac00000, 0x0000000100000000)
  region size 1024K, 5 young (5120K), 5 survivors (5120K)
 Metaspace       used 51959K, committed 52608K, reserved 1114112K
  class space    used 6863K, committed 7168K, reserved 1048576K
}
Event: 15.008 GC heap before
{Heap before GC invocations=10 (full 0):
 garbage-first heap   total 68608K, used 51810K [0x000000008ac00000, 0x0000000100000000)
  region size 1024K, 29 young (29696K), 5 survivors (5120K)
 Metaspace       used 59814K, committed 60416K, reserved 1114112K
  class space    used 8112K, committed 8384K, reserved 1048576K
}
Event: 15.023 GC heap after
{Heap after GC invocations=11 (full 0):
 garbage-first heap   total 82944K, used 29434K [0x000000008ac00000, 0x0000000100000000)
  region size 1024K, 4 young (4096K), 4 survivors (4096K)
 Metaspace       used 59814K, committed 60416K, reserved 1114112K
  class space    used 8112K, committed 8384K, reserved 1048576K
}

