# JRE version: OpenJDK Runtime Environment Temurin-21.0.8+9 (21.0.8+9) (build 21.0.8+9-LTS)
# Java VM: OpenJDK 64-Bit Server VM Temurin-21.0.8+9 (21.0.8+9-LTS, mixed mode, sharing, tiered, compressed oops, compressed class ptrs, parallel gc, windows-amd64)
GC Precious Log:
 CardTable entry size: 512
 CPUs: 12 total, 12 available
 Memory: 7502M
 Large Page Support: Disabled
 NUMA Support: Disabled
 Compressed Oops: Enabled (32-bit)
 Alignments: Space 512K, Generation 512K, Heap 2M
 Heap Min Capacity: 100M
 Heap Initial Capacity: 100M
 Heap Max Capacity: 2G
 Pre-touch: Disabled
 Parallel Workers: 10
Heap:
 PSYoungGen      total 20992K, used 20990K [0x00000000d5580000, 0x00000000d6e00000, 0x0000000100000000)
  eden space 17408K, 100% used [0x00000000d5580000,0x00000000d6680000,0x00000000d6680000)
  from space 3584K, 99% used [0x00000000d6680000,0x00000000d69ffa88,0x00000000d6a00000)
  to   space 3072K, 0% used [0x00000000d6a00000,0x00000000d6a00000,0x00000000d6d00000)
 ParOldGen       total 1275904K, used 1275540K [0x0000000080000000, 0x00000000cde00000, 0x00000000d5580000)
  object space 1275904K, 99% used [0x0000000080000000,0x00000000cdda50a8,0x00000000cde00000)
 Metaspace       used 112271K, committed 114112K, reserved 1179648K
  class space    used 10774K, committed 11712K, reserved 1048576K
GC Heap History (20 events):
Event: 35597.616 GC heap before
{Heap before GC invocations=33159 (full 67):
 PSYoungGen      total 20480K, used 20456K [0x00000000d5580000, 0x00000000d7f80000, 0x0000000100000000)
  eden space 14848K, 100% used [0x00000000d5580000,0x00000000d6400000,0x00000000d6400000)
  from space 5632K, 99% used [0x00000000d6400000,0x00000000d697a3f0,0x00000000d6980000)
  to   space 13312K, 0% used [0x00000000d7280000,0x00000000d7280000,0x00000000d7f80000)
 ParOldGen       total 1240576K, used 1240339K [0x0000000080000000, 0x00000000cbb80000, 0x00000000d5580000)
  object space 1240576K, 99% used [0x0000000080000000,0x00000000cbb44d18,0x00000000cbb80000)
 Metaspace       used 112271K, committed 114112K, reserved 1179648K
  class space    used 10774K, committed 11712K, reserved 1048576K
}
Event: 35597.636 GC heap after
{Heap after GC invocations=33159 (full 67):
 PSYoungGen      total 24064K, used 6032K [0x00000000d5580000, 0x00000000d7880000, 0x0000000100000000)
  eden space 17920K, 0% used [0x00000000d5580000,0x00000000d5580000,0x00000000d6700000)
  from space 6144K, 98% used [0x00000000d7280000,0x00000000d7864048,0x00000000d7880000)
  to   space 8192K, 0% used [0x00000000d6880000,0x00000000d6880000,0x00000000d7080000)
 ParOldGen       total 1244160K, used 1243762K [0x0000000080000000, 0x00000000cbf00000, 0x00000000d5580000)
  object space 1244160K, 99% used [0x0000000080000000,0x00000000cbe9cb58,0x00000000cbf00000)
 Metaspace       used 112271K, committed 114112K, reserved 1179648K
  class space    used 10774K, committed 11712K, reserved 1048576K
}
Event: 35597.765 GC heap before
{Heap before GC invocations=33160 (full 67):
 PSYoungGen      total 24064K, used 23952K [0x00000000d5580000, 0x00000000d7880000, 0x0000000100000000)
  eden space 17920K, 100% used [0x00000000d5580000,0x00000000d6700000,0x00000000d6700000)
  from space 6144K, 98% used [0x00000000d7280000,0x00000000d7864048,0x00000000d7880000)
  to   space 8192K, 0% used [0x00000000d6880000,0x00000000d6880000,0x00000000d7080000)
 ParOldGen       total 1244160K, used 1243762K [0x0000000080000000, 0x00000000cbf00000, 0x00000000d5580000)
  object space 1244160K, 99% used [0x0000000080000000,0x00000000cbe9cb58,0x00000000cbf00000)
 Metaspace       used 112271K, committed 114112K, reserved 1179648K
  class space    used 10774K, committed 11712K, reserved 1048576K
}
Event: 35597.777 GC heap after
{Heap after GC invocations=33160 (full 67):
 PSYoungGen      total 24064K, used 4316K [0x00000000d5580000, 0x00000000d7580000, 0x0000000100000000)
  eden space 19456K, 0% used [0x00000000d5580000,0x00000000d5580000,0x00000000d6880000)
  from space 4608K, 93% used [0x00000000d6880000,0x00000000d6cb73c8,0x00000000d6d00000)
  to   space 5632K, 0% used [0x00000000d7000000,0x00000000d7000000,0x00000000d7580000)
 ParOldGen       total 1249792K, used 1249563K [0x0000000080000000, 0x00000000cc480000, 0x00000000d5580000)
  object space 1249792K, 99% used [0x0000000080000000,0x00000000cc446ef0,0x00000000cc480000)
 Metaspace       used 112271K, committed 114112K, reserved 1179648K
  class space    used 10774K, committed 11712K, reserved 1048576K
}
Event: 35597.935 GC heap before
{Heap before GC invocations=33161 (full 67):
 PSYoungGen      total 24064K, used 23772K [0x00000000d5580000, 0x00000000d7580000, 0x0000000100000000)
  eden space 19456K, 100% used [0x00000000d5580000,0x00000000d6880000,0x00000000d6880000)
  from space 4608K, 93% used [0x00000000d6880000,0x00000000d6cb73c8,0x00000000d6d00000)
  to   space 5632K, 0% used [0x00000000d7000000,0x00000000d7000000,0x00000000d7580000)
 ParOldGen       total 1249792K, used 1249563K [0x0000000080000000, 0x00000000cc480000, 0x00000000d5580000)
  object space 1249792K, 99% used [0x0000000080000000,0x00000000cc446ef0,0x00000000cc480000)
 Metaspace       used 112271K, committed 114112K, reserved 1179648K
  class space    used 10774K, committed 11712K, reserved 1048576K
}
Event: 35597.954 GC heap after
{Heap after GC invocations=33161 (full 67):
 PSYoungGen      total 17408K, used 5619K [0x00000000d5580000, 0x00000000d8a00000, 0x0000000100000000)
  eden space 11776K, 0% used [0x00000000d5580000,0x00000000d5580000,0x00000000d6100000)
  from space 5632K, 99% used [0x00000000d7000000,0x00000000d757ce98,0x00000000d7580000)
  to   space 15360K, 0% used [0x00000000d6100000,0x00000000d6100000,0x00000000d7000000)
 ParOldGen       total 1257472K, used 1257422K [0x0000000080000000, 0x00000000ccc00000, 0x00000000d5580000)
  object space 1257472K, 99% used [0x0000000080000000,0x00000000ccbf39d8,0x00000000ccc00000)
 Metaspace       used 112271K, committed 114112K, reserved 1179648K
  class space    used 10774K, committed 11712K, reserved 1048576K
}
Event: 35598.039 GC heap before
{Heap before GC invocations=33162 (full 67):
 PSYoungGen      total 17408K, used 17395K [0x00000000d5580000, 0x00000000d8a00000, 0x0000000100000000)
  eden space 11776K, 100% used [0x00000000d5580000,0x00000000d6100000,0x00000000d6100000)
  from space 5632K, 99% used [0x00000000d7000000,0x00000000d757ce98,0x00000000d7580000)
  to   space 15360K, 0% used [0x00000000d6100000,0x00000000d6100000,0x00000000d7000000)
 ParOldGen       total 1257472K, used 1257422K [0x0000000080000000, 0x00000000ccc00000, 0x00000000d5580000)
  object space 1257472K, 99% used [0x0000000080000000,0x00000000ccbf39d8,0x00000000ccc00000)
 Metaspace       used 112271K, committed 114112K, reserved 1179648K
  class space    used 10774K, committed 11712K, reserved 1048576K
}
Event: 35598.055 GC heap after
{Heap after GC invocations=33162 (full 67):
 PSYoungGen      total 13312K, used 1456K [0x00000000d5580000, 0x00000000d7080000, 0x0000000100000000)
  eden space 11776K, 0% used [0x00000000d5580000,0x00000000d5580000,0x00000000d6100000)
  from space 1536K, 94% used [0x00000000d6100000,0x00000000d626c030,0x00000000d6280000)
  to   space 6144K, 0% used [0x00000000d6a80000,0x00000000d6a80000,0x00000000d7080000)
 ParOldGen       total 1263104K, used 1263091K [0x0000000080000000, 0x00000000cd180000, 0x00000000d5580000)
  object space 1263104K, 99% used [0x0000000080000000,0x00000000cd17cfc8,0x00000000cd180000)
 Metaspace       used 112271K, committed 114112K, reserved 1179648K
  class space    used 10774K, committed 11712K, reserved 1048576K
}
Event: 35598.181 GC heap before
{Heap before GC invocations=33163 (full 67):
 PSYoungGen      total 13312K, used 13232K [0x00000000d5580000, 0x00000000d7080000, 0x0000000100000000)
  eden space 11776K, 100% used [0x00000000d5580000,0x00000000d6100000,0x00000000d6100000)
  from space 1536K, 94% used [0x00000000d6100000,0x00000000d626c030,0x00000000d6280000)
  to   space 6144K, 0% used [0x00000000d6a80000,0x00000000d6a80000,0x00000000d7080000)
 ParOldGen       total 1263104K, used 1263091K [0x0000000080000000, 0x00000000cd180000, 0x00000000d5580000)
  object space 1263104K, 99% used [0x0000000080000000,0x00000000cd17cfc8,0x00000000cd180000)
 Metaspace       used 112271K, committed 114112K, reserved 1179648K
  class space    used 10774K, committed 11712K, reserved 1048576K
}
Event: 35598.190 GC heap after
{Heap after GC invocations=33163 (full 67):
 PSYoungGen      total 13824K, used 1712K [0x00000000d5580000, 0x00000000d6c80000, 0x0000000100000000)
  eden space 11776K, 0% used [0x00000000d5580000,0x00000000d5580000,0x00000000d6100000)
  from space 2048K, 83% used [0x00000000d6a80000,0x00000000d6c2c0c8,0x00000000d6c80000)
  to   space 2560K, 0% used [0x00000000d6780000,0x00000000d6780000,0x00000000d6a00000)
 ParOldGen       total 1264640K, used 1264420K [0x0000000080000000, 0x00000000cd300000, 0x00000000d5580000)
  object space 1264640K, 99% used [0x0000000080000000,0x00000000cd2c9028,0x00000000cd300000)
 Metaspace       used 112271K, committed 114112K, reserved 1179648K
  class space    used 10774K, committed 11712K, reserved 1048576K
}
Event: 35598.279 GC heap before
{Heap before GC invocations=33164 (full 67):
 PSYoungGen      total 13824K, used 13488K [0x00000000d5580000, 0x00000000d6c80000, 0x0000000100000000)
  eden space 11776K, 100% used [0x00000000d5580000,0x00000000d6100000,0x00000000d6100000)
  from space 2048K, 83% used [0x00000000d6a80000,0x00000000d6c2c0c8,0x00000000d6c80000)
  to   space 2560K, 0% used [0x00000000d6780000,0x00000000d6780000,0x00000000d6a00000)
 ParOldGen       total 1264640K, used 1264420K [0x0000000080000000, 0x00000000cd300000, 0x00000000d5580000)
  object space 1264640K, 99% used [0x0000000080000000,0x00000000cd2c9028,0x00000000cd300000)
 Metaspace       used 112271K, committed 114112K, reserved 1179648K
  class space    used 10774K, committed 11712K, reserved 1048576K
}
Event: 35598.703 GC heap after
{Heap after GC invocations=33164 (full 67):
 PSYoungGen      total 15872K, used 1392K [0x00000000d5580000, 0x00000000d6b00000, 0x0000000100000000)
  eden space 14336K, 0% used [0x00000000d5580000,0x00000000d5580000,0x00000000d6380000)
  from space 1536K, 90% used [0x00000000d6780000,0x00000000d68dc030,0x00000000d6900000)
  to   space 2048K, 0% used [0x00000000d6900000,0x00000000d6900000,0x00000000d6b00000)
 ParOldGen       total 1266176K, used 1266000K [0x0000000080000000, 0x00000000cd480000, 0x00000000d5580000)
  object space 1266176K, 99% used [0x0000000080000000,0x00000000cd4543a0,0x00000000cd480000)
 Metaspace       used 112271K, committed 114112K, reserved 1179648K
  class space    used 10774K, committed 11712K, reserved 1048576K
}
Event: 35598.750 GC heap before
{Heap before GC invocations=33165 (full 67):
 PSYoungGen      total 15872K, used 15728K [0x00000000d5580000, 0x00000000d6b00000, 0x0000000100000000)
  eden space 14336K, 100% used [0x00000000d5580000,0x00000000d6380000,0x00000000d6380000)
  from space 1536K, 90% used [0x00000000d6780000,0x00000000d68dc030,0x00000000d6900000)
  to   space 2048K, 0% used [0x00000000d6900000,0x00000000d6900000,0x00000000d6b00000)
 ParOldGen       total 1266176K, used 1266000K [0x0000000080000000, 0x00000000cd480000, 0x00000000d5580000)
  object space 1266176K, 99% used [0x0000000080000000,0x00000000cd4543a0,0x00000000cd480000)
 Metaspace       used 112271K, committed 114112K, reserved 1179648K
  class space    used 10774K, committed 11712K, reserved 1048576K
}
Event: 35598.764 GC heap after
{Heap after GC invocations=33165 (full 67):
 PSYoungGen      total 16896K, used 2017K [0x00000000d5580000, 0x00000000d7080000, 0x0000000100000000)
  eden space 14848K, 0% used [0x00000000d5580000,0x00000000d5580000,0x00000000d6400000)
  from space 2048K, 98% used [0x00000000d6900000,0x00000000d6af8518,0x00000000d6b00000)
  to   space 5120K, 0% used [0x00000000d6400000,0x00000000d6400000,0x00000000d6900000)
 ParOldGen       total 1268736K, used 1268377K [0x0000000080000000, 0x00000000cd700000, 0x00000000d5580000)
  object space 1268736K, 99% used [0x0000000080000000,0x00000000cd6a6450,0x00000000cd700000)
 Metaspace       used 112271K, committed 114112K, reserved 1179648K
  class space    used 10774K, committed 11712K, reserved 1048576K
}
Event: 35598.814 GC heap before
{Heap before GC invocations=33166 (full 67):
 PSYoungGen      total 16896K, used 16865K [0x00000000d5580000, 0x00000000d7080000, 0x0000000100000000)
  eden space 14848K, 100% used [0x00000000d5580000,0x00000000d6400000,0x00000000d6400000)
  from space 2048K, 98% used [0x00000000d6900000,0x00000000d6af8518,0x00000000d6b00000)
  to   space 5120K, 0% used [0x00000000d6400000,0x00000000d6400000,0x00000000d6900000)
 ParOldGen       total 1268736K, used 1268377K [0x0000000080000000, 0x00000000cd700000, 0x00000000d5580000)
  object space 1268736K, 99% used [0x0000000080000000,0x00000000cd6a6450,0x00000000cd700000)
 Metaspace       used 112271K, committed 114112K, reserved 1179648K
  class space    used 10774K, committed 11712K, reserved 1048576K
}
Event: 35598.830 GC heap after
{Heap after GC invocations=33166 (full 67):
 PSYoungGen      total 19968K, used 2265K [0x00000000d5580000, 0x00000000d6d00000, 0x0000000100000000)
  eden space 14848K, 0% used [0x00000000d5580000,0x00000000d5580000,0x00000000d6400000)
  from space 5120K, 44% used [0x00000000d6400000,0x00000000d66367e8,0x00000000d6900000)
  to   space 3072K, 0% used [0x00000000d6a00000,0x00000000d6a00000,0x00000000d6d00000)
 ParOldGen       total 1270784K, used 1270381K [0x0000000080000000, 0x00000000cd900000, 0x00000000d5580000)
  object space 1270784K, 99% used [0x0000000080000000,0x00000000cd89b680,0x00000000cd900000)
 Metaspace       used 112271K, committed 114112K, reserved 1179648K
  class space    used 10774K, committed 11712K, reserved 1048576K
}
Event: 35598.893 GC heap before
{Heap before GC invocations=33167 (full 67):
 PSYoungGen      total 19968K, used 17113K [0x00000000d5580000, 0x00000000d6d00000, 0x0000000100000000)
  eden space 14848K, 100% used [0x00000000d5580000,0x00000000d6400000,0x00000000d6400000)
  from space 5120K, 44% used [0x00000000d6400000,0x00000000d66367e8,0x00000000d6900000)
  to   space 3072K, 0% used [0x00000000d6a00000,0x00000000d6a00000,0x00000000d6d00000)
 ParOldGen       total 1270784K, used 1270381K [0x0000000080000000, 0x00000000cd900000, 0x00000000d5580000)
  object space 1270784K, 99% used [0x0000000080000000,0x00000000cd89b680,0x00000000cd900000)
 Metaspace       used 112271K, committed 114112K, reserved 1179648K
  class space    used 10774K, committed 11712K, reserved 1048576K
}
Event: 35598.902 GC heap after
{Heap after GC invocations=33167 (full 67):
 PSYoungGen      total 20480K, used 3066K [0x00000000d5580000, 0x00000000d6e00000, 0x0000000100000000)
  eden space 17408K, 0% used [0x00000000d5580000,0x00000000d5580000,0x00000000d6680000)
  from space 3072K, 99% used [0x00000000d6a00000,0x00000000d6cfe998,0x00000000d6d00000)
  to   space 3584K, 0% used [0x00000000d6680000,0x00000000d6680000,0x00000000d6a00000)
 ParOldGen       total 1272832K, used 1272456K [0x0000000080000000, 0x00000000cdb00000, 0x00000000d5580000)
  object space 1272832K, 99% used [0x0000000080000000,0x00000000cdaa20e8,0x00000000cdb00000)
 Metaspace       used 112271K, committed 114112K, reserved 1179648K
  class space    used 10774K, committed 11712K, reserved 1048576K
}
Event: 35599.001 GC heap before
{Heap before GC invocations=33168 (full 67):
 PSYoungGen      total 20480K, used 20461K [0x00000000d5580000, 0x00000000d6e00000, 0x0000000100000000)
  eden space 17408K, 99% used [0x00000000d5580000,0x00000000d667cbe0,0x00000000d6680000)
  from space 3072K, 99% used [0x00000000d6a00000,0x00000000d6cfe998,0x00000000d6d00000)
  to   space 3584K, 0% used [0x00000000d6680000,0x00000000d6680000,0x00000000d6a00000)
 ParOldGen       total 1272832K, used 1272456K [0x0000000080000000, 0x00000000cdb00000, 0x00000000d5580000)
  object space 1272832K, 99% used [0x0000000080000000,0x00000000cdaa20e8,0x00000000cdb00000)
 Metaspace       used 112271K, committed 114112K, reserved 1179648K
  class space    used 10774K, committed 11712K, reserved 1048576K
}
Event: 35601.030 GC heap after
{Heap after GC invocations=33168 (full 67):
 PSYoungGen      total 20992K, used 3582K [0x00000000d5580000, 0x00000000d6e00000, 0x0000000100000000)
  eden space 17408K, 0% used [0x00000000d5580000,0x00000000d5580000,0x00000000d6680000)
  from space 3584K, 99% used [0x00000000d6680000,0x00000000d69ffa88,0x00000000d6a00000)
  to   space 3072K, 0% used [0x00000000d6a00000,0x00000000d6a00000,0x00000000d6d00000)
 ParOldGen       total 1275904K, used 1275540K [0x0000000080000000, 0x00000000cde00000, 0x00000000d5580000)
  object space 1275904K, 99% used [0x0000000080000000,0x00000000cdda50a8,0x00000000cde00000)
 Metaspace       used 112271K, committed 114112K, reserved 1179648K
  class space    used 10774K, committed 11712K, reserved 1048576K
}

