# JRE version: OpenJDK Runtime Environment Temurin-21.0.8+9 (21.0.8+9) (build 21.0.8+9-LTS)
# Java VM: OpenJDK 64-Bit Server VM Temurin-21.0.8+9 (21.0.8+9-LTS, mixed mode, sharing, tiered, compressed oops, compressed class ptrs, parallel gc, windows-amd64)
GC Precious Log:
 CardTable entry size: 512
 CPUs: 12 total, 12 available
 Memory: 7502M
 Large Page Support: Disabled
 NUMA Support: Disabled
 Compressed Oops: Enabled (32-bit)
 Alignments: Space 512K, Generation 512K, Heap 2M
 Heap Min Capacity: 100M
 Heap Initial Capacity: 100M
 Heap Max Capacity: 2G
 Pre-touch: Disabled
 Parallel Workers: 10
Heap:
 PSYoungGen      total 5632K, used 2376K [0x00000000d5580000, 0x00000000d5d80000, 0x0000000100000000)
  eden space 4096K, 29% used [0x00000000d5580000,0x00000000d56b10d8,0x00000000d5980000)
  from space 1536K, 75% used [0x00000000d5c00000,0x00000000d5d21008,0x00000000d5d80000)
  to   space 2048K, 0% used [0x00000000d5980000,0x00000000d5980000,0x00000000d5b80000)
 ParOldGen       total 879104K, used 878775K [0x0000000080000000, 0x00000000b5a80000, 0x00000000d5580000)
  object space 879104K, 99% used [0x0000000080000000,0x00000000b5a2dc60,0x00000000b5a80000)
 Metaspace       used 74880K, committed 76480K, reserved 1179648K
  class space    used 7733K, committed 8448K, reserved 1048576K
GC Heap History (20 events):
Event: 84.377 GC heap after
{Heap after GC invocations=1489 (full 3):
 PSYoungGen      total 6656K, used 3264K [0x00000000d5580000, 0x00000000d6080000, 0x0000000100000000)
  eden space 3072K, 0% used [0x00000000d5580000,0x00000000d5580000,0x00000000d5880000)
  from space 3584K, 91% used [0x00000000d5c00000,0x00000000d5f30000,0x00000000d5f80000)
  to   space 3584K, 0% used [0x00000000d5880000,0x00000000d5880000,0x00000000d5c00000)
 ParOldGen       total 859648K, used 859406K [0x0000000080000000, 0x00000000b4780000, 0x00000000d5580000)
  object space 859648K, 99% used [0x0000000080000000,0x00000000b4743958,0x00000000b4780000)
 Metaspace       used 74835K, committed 76416K, reserved 1179648K
  class space    used 7731K, committed 8448K, reserved 1048576K
}
Event: 84.395 GC heap before
{Heap before GC invocations=1490 (full 3):
 PSYoungGen      total 6656K, used 6336K [0x00000000d5580000, 0x00000000d6080000, 0x0000000100000000)
  eden space 3072K, 100% used [0x00000000d5580000,0x00000000d5880000,0x00000000d5880000)
  from space 3584K, 91% used [0x00000000d5c00000,0x00000000d5f30000,0x00000000d5f80000)
  to   space 3584K, 0% used [0x00000000d5880000,0x00000000d5880000,0x00000000d5c00000)
 ParOldGen       total 859648K, used 859406K [0x0000000080000000, 0x00000000b4780000, 0x00000000d5580000)
  object space 859648K, 99% used [0x0000000080000000,0x00000000b4743958,0x00000000b4780000)
 Metaspace       used 74848K, committed 76480K, reserved 1179648K
  class space    used 7731K, committed 8448K, reserved 1048576K
}
Event: 84.403 GC heap after
{Heap after GC invocations=1490 (full 3):
 PSYoungGen      total 6656K, used 3246K [0x00000000d5580000, 0x00000000d6080000, 0x0000000100000000)
  eden space 3072K, 0% used [0x00000000d5580000,0x00000000d5580000,0x00000000d5880000)
  from space 3584K, 90% used [0x00000000d5880000,0x00000000d5bab860,0x00000000d5c00000)
  to   space 3584K, 0% used [0x00000000d5d00000,0x00000000d5d00000,0x00000000d6080000)
 ParOldGen       total 862720K, used 862526K [0x0000000080000000, 0x00000000b4a80000, 0x00000000d5580000)
  object space 862720K, 99% used [0x0000000080000000,0x00000000b4a4f958,0x00000000b4a80000)
 Metaspace       used 74848K, committed 76480K, reserved 1179648K
  class space    used 7731K, committed 8448K, reserved 1048576K
}
Event: 84.423 GC heap before
{Heap before GC invocations=1491 (full 3):
 PSYoungGen      total 6656K, used 6318K [0x00000000d5580000, 0x00000000d6080000, 0x0000000100000000)
  eden space 3072K, 100% used [0x00000000d5580000,0x00000000d5880000,0x00000000d5880000)
  from space 3584K, 90% used [0x00000000d5880000,0x00000000d5bab860,0x00000000d5c00000)
  to   space 3584K, 0% used [0x00000000d5d00000,0x00000000d5d00000,0x00000000d6080000)
 ParOldGen       total 862720K, used 862526K [0x0000000080000000, 0x00000000b4a80000, 0x00000000d5580000)
  object space 862720K, 99% used [0x0000000080000000,0x00000000b4a4f958,0x00000000b4a80000)
 Metaspace       used 74858K, committed 76480K, reserved 1179648K
  class space    used 7731K, committed 8448K, reserved 1048576K
}
Event: 84.428 GC heap after
{Heap after GC invocations=1491 (full 3):
 PSYoungGen      total 7168K, used 2946K [0x00000000d5580000, 0x00000000d6000000, 0x0000000100000000)
  eden space 4096K, 0% used [0x00000000d5580000,0x00000000d5580000,0x00000000d5980000)
  from space 3072K, 95% used [0x00000000d5d00000,0x00000000d5fe0928,0x00000000d6000000)
  to   space 3072K, 0% used [0x00000000d5a00000,0x00000000d5a00000,0x00000000d5d00000)
 ParOldGen       total 863744K, used 863519K [0x0000000080000000, 0x00000000b4b80000, 0x00000000d5580000)
  object space 863744K, 99% used [0x0000000080000000,0x00000000b4b47ce0,0x00000000b4b80000)
 Metaspace       used 74858K, committed 76480K, reserved 1179648K
  class space    used 7731K, committed 8448K, reserved 1048576K
}
Event: 84.458 GC heap before
{Heap before GC invocations=1492 (full 3):
 PSYoungGen      total 7168K, used 7042K [0x00000000d5580000, 0x00000000d6000000, 0x0000000100000000)
  eden space 4096K, 100% used [0x00000000d5580000,0x00000000d5980000,0x00000000d5980000)
  from space 3072K, 95% used [0x00000000d5d00000,0x00000000d5fe0928,0x00000000d6000000)
  to   space 3072K, 0% used [0x00000000d5a00000,0x00000000d5a00000,0x00000000d5d00000)
 ParOldGen       total 863744K, used 863519K [0x0000000080000000, 0x00000000b4b80000, 0x00000000d5580000)
  object space 863744K, 99% used [0x0000000080000000,0x00000000b4b47ce0,0x00000000b4b80000)
 Metaspace       used 74870K, committed 76480K, reserved 1179648K
  class space    used 7733K, committed 8448K, reserved 1048576K
}
Event: 84.467 GC heap after
{Heap after GC invocations=1492 (full 3):
 PSYoungGen      total 7680K, used 2592K [0x00000000d5580000, 0x00000000d6080000, 0x0000000100000000)
  eden space 4608K, 0% used [0x00000000d5580000,0x00000000d5580000,0x00000000d5a00000)
  from space 3072K, 84% used [0x00000000d5a00000,0x00000000d5c88008,0x00000000d5d00000)
  to   space 3072K, 0% used [0x00000000d5d80000,0x00000000d5d80000,0x00000000d6080000)
 ParOldGen       total 866304K, used 866065K [0x0000000080000000, 0x00000000b4e00000, 0x00000000d5580000)
  object space 866304K, 99% used [0x0000000080000000,0x00000000b4dc4410,0x00000000b4e00000)
 Metaspace       used 74870K, committed 76480K, reserved 1179648K
  class space    used 7733K, committed 8448K, reserved 1048576K
}
Event: 84.649 GC heap before
{Heap before GC invocations=1493 (full 3):
 PSYoungGen      total 7680K, used 7200K [0x00000000d5580000, 0x00000000d6080000, 0x0000000100000000)
  eden space 4608K, 100% used [0x00000000d5580000,0x00000000d5a00000,0x00000000d5a00000)
  from space 3072K, 84% used [0x00000000d5a00000,0x00000000d5c88008,0x00000000d5d00000)
  to   space 3072K, 0% used [0x00000000d5d80000,0x00000000d5d80000,0x00000000d6080000)
 ParOldGen       total 866304K, used 866065K [0x0000000080000000, 0x00000000b4e00000, 0x00000000d5580000)
  object space 866304K, 99% used [0x0000000080000000,0x00000000b4dc4410,0x00000000b4e00000)
 Metaspace       used 74872K, committed 76480K, reserved 1179648K
  class space    used 7733K, committed 8448K, reserved 1048576K
}
Event: 84.656 GC heap after
{Heap after GC invocations=1493 (full 3):
 PSYoungGen      total 6656K, used 2003K [0x00000000d5580000, 0x00000000d5f80000, 0x0000000100000000)
  eden space 4608K, 0% used [0x00000000d5580000,0x00000000d5580000,0x00000000d5a00000)
  from space 2048K, 97% used [0x00000000d5d80000,0x00000000d5f74de0,0x00000000d5f80000)
  to   space 2560K, 0% used [0x00000000d5a80000,0x00000000d5a80000,0x00000000d5d00000)
 ParOldGen       total 868864K, used 868503K [0x0000000080000000, 0x00000000b5080000, 0x00000000d5580000)
  object space 868864K, 99% used [0x0000000080000000,0x00000000b5025c98,0x00000000b5080000)
 Metaspace       used 74872K, committed 76480K, reserved 1179648K
  class space    used 7733K, committed 8448K, reserved 1048576K
}
Event: 84.888 GC heap before
{Heap before GC invocations=1494 (full 3):
 PSYoungGen      total 6656K, used 6611K [0x00000000d5580000, 0x00000000d5f80000, 0x0000000100000000)
  eden space 4608K, 100% used [0x00000000d5580000,0x00000000d5a00000,0x00000000d5a00000)
  from space 2048K, 97% used [0x00000000d5d80000,0x00000000d5f74de0,0x00000000d5f80000)
  to   space 2560K, 0% used [0x00000000d5a80000,0x00000000d5a80000,0x00000000d5d00000)
 ParOldGen       total 868864K, used 868503K [0x0000000080000000, 0x00000000b5080000, 0x00000000d5580000)
  object space 868864K, 99% used [0x0000000080000000,0x00000000b5025c98,0x00000000b5080000)
 Metaspace       used 74880K, committed 76480K, reserved 1179648K
  class space    used 7733K, committed 8448K, reserved 1048576K
}
Event: 84.894 GC heap after
{Heap after GC invocations=1494 (full 3):
 PSYoungGen      total 6656K, used 1686K [0x00000000d5580000, 0x00000000d5e00000, 0x0000000100000000)
  eden space 4608K, 0% used [0x00000000d5580000,0x00000000d5580000,0x00000000d5a00000)
  from space 2048K, 82% used [0x00000000d5a80000,0x00000000d5c25810,0x00000000d5c80000)
  to   space 1536K, 0% used [0x00000000d5c80000,0x00000000d5c80000,0x00000000d5e00000)
 ParOldGen       total 870400K, used 870118K [0x0000000080000000, 0x00000000b5200000, 0x00000000d5580000)
  object space 870400K, 99% used [0x0000000080000000,0x00000000b51b9a48,0x00000000b5200000)
 Metaspace       used 74880K, committed 76480K, reserved 1179648K
  class space    used 7733K, committed 8448K, reserved 1048576K
}
Event: 84.980 GC heap before
{Heap before GC invocations=1495 (full 3):
 PSYoungGen      total 6656K, used 6294K [0x00000000d5580000, 0x00000000d5e00000, 0x0000000100000000)
  eden space 4608K, 100% used [0x00000000d5580000,0x00000000d5a00000,0x00000000d5a00000)
  from space 2048K, 82% used [0x00000000d5a80000,0x00000000d5c25810,0x00000000d5c80000)
  to   space 1536K, 0% used [0x00000000d5c80000,0x00000000d5c80000,0x00000000d5e00000)
 ParOldGen       total 870400K, used 870118K [0x0000000080000000, 0x00000000b5200000, 0x00000000d5580000)
  object space 870400K, 99% used [0x0000000080000000,0x00000000b51b9a48,0x00000000b5200000)
 Metaspace       used 74880K, committed 76480K, reserved 1179648K
  class space    used 7733K, committed 8448K, reserved 1048576K
}
Event: 84.987 GC heap after
{Heap after GC invocations=1495 (full 3):
 PSYoungGen      total 4096K, used 1528K [0x00000000d5580000, 0x00000000d6300000, 0x0000000100000000)
  eden space 2560K, 0% used [0x00000000d5580000,0x00000000d5580000,0x00000000d5800000)
  from space 1536K, 99% used [0x00000000d5c80000,0x00000000d5dfe3f0,0x00000000d5e00000)
  to   space 4608K, 0% used [0x00000000d5800000,0x00000000d5800000,0x00000000d5c80000)
 ParOldGen       total 872960K, used 872749K [0x0000000080000000, 0x00000000b5480000, 0x00000000d5580000)
  object space 872960K, 99% used [0x0000000080000000,0x00000000b544b7b8,0x00000000b5480000)
 Metaspace       used 74880K, committed 76480K, reserved 1179648K
  class space    used 7733K, committed 8448K, reserved 1048576K
}
Event: 84.995 GC heap before
{Heap before GC invocations=1496 (full 3):
 PSYoungGen      total 4096K, used 4088K [0x00000000d5580000, 0x00000000d6300000, 0x0000000100000000)
  eden space 2560K, 100% used [0x00000000d5580000,0x00000000d5800000,0x00000000d5800000)
  from space 1536K, 99% used [0x00000000d5c80000,0x00000000d5dfe3f0,0x00000000d5e00000)
  to   space 4608K, 0% used [0x00000000d5800000,0x00000000d5800000,0x00000000d5c80000)
 ParOldGen       total 872960K, used 872749K [0x0000000080000000, 0x00000000b5480000, 0x00000000d5580000)
  object space 872960K, 99% used [0x0000000080000000,0x00000000b544b7b8,0x00000000b5480000)
 Metaspace       used 74880K, committed 76480K, reserved 1179648K
  class space    used 7733K, committed 8448K, reserved 1048576K
}
Event: 85.002 GC heap after
{Heap after GC invocations=1496 (full 3):
 PSYoungGen      total 5120K, used 2064K [0x00000000d5580000, 0x00000000d5e00000, 0x0000000100000000)
  eden space 2560K, 0% used [0x00000000d5580000,0x00000000d5580000,0x00000000d5800000)
  from space 2560K, 80% used [0x00000000d5800000,0x00000000d5a042a8,0x00000000d5a80000)
  to   space 3072K, 0% used [0x00000000d5b00000,0x00000000d5b00000,0x00000000d5e00000)
 ParOldGen       total 874496K, used 874233K [0x0000000080000000, 0x00000000b5600000, 0x00000000d5580000)
  object space 874496K, 99% used [0x0000000080000000,0x00000000b55be438,0x00000000b5600000)
 Metaspace       used 74880K, committed 76480K, reserved 1179648K
  class space    used 7733K, committed 8448K, reserved 1048576K
}
Event: 85.234 GC heap before
{Heap before GC invocations=1497 (full 3):
 PSYoungGen      total 5120K, used 4618K [0x00000000d5580000, 0x00000000d5e00000, 0x0000000100000000)
  eden space 2560K, 99% used [0x00000000d5580000,0x00000000d57fe838,0x00000000d5800000)
  from space 2560K, 80% used [0x00000000d5800000,0x00000000d5a042a8,0x00000000d5a80000)
  to   space 3072K, 0% used [0x00000000d5b00000,0x00000000d5b00000,0x00000000d5e00000)
 ParOldGen       total 874496K, used 874233K [0x0000000080000000, 0x00000000b5600000, 0x00000000d5580000)
  object space 874496K, 99% used [0x0000000080000000,0x00000000b55be438,0x00000000b5600000)
 Metaspace       used 74880K, committed 76480K, reserved 1179648K
  class space    used 7733K, committed 8448K, reserved 1048576K
}
Event: 85.240 GC heap after
{Heap after GC invocations=1497 (full 3):
 PSYoungGen      total 3584K, used 988K [0x00000000d5580000, 0x00000000d5c00000, 0x0000000100000000)
  eden space 2560K, 0% used [0x00000000d5580000,0x00000000d5580000,0x00000000d5800000)
  from space 1024K, 96% used [0x00000000d5b00000,0x00000000d5bf7200,0x00000000d5c00000)
  to   space 1536K, 0% used [0x00000000d5900000,0x00000000d5900000,0x00000000d5a80000)
 ParOldGen       total 876032K, used 875790K [0x0000000080000000, 0x00000000b5780000, 0x00000000d5580000)
  object space 876032K, 99% used [0x0000000080000000,0x00000000b5743988,0x00000000b5780000)
 Metaspace       used 74880K, committed 76480K, reserved 1179648K
  class space    used 7733K, committed 8448K, reserved 1048576K
}
Event: 85.250 GC heap before
{Heap before GC invocations=1498 (full 3):
 PSYoungGen      total 3584K, used 3548K [0x00000000d5580000, 0x00000000d5c00000, 0x0000000100000000)
  eden space 2560K, 100% used [0x00000000d5580000,0x00000000d5800000,0x00000000d5800000)
  from space 1024K, 96% used [0x00000000d5b00000,0x00000000d5bf7200,0x00000000d5c00000)
  to   space 1536K, 0% used [0x00000000d5900000,0x00000000d5900000,0x00000000d5a80000)
 ParOldGen       total 876032K, used 875790K [0x0000000080000000, 0x00000000b5780000, 0x00000000d5580000)
  object space 876032K, 99% used [0x0000000080000000,0x00000000b5743988,0x00000000b5780000)
 Metaspace       used 74880K, committed 76480K, reserved 1179648K
  class space    used 7733K, committed 8448K, reserved 1048576K
}
Event: 85.256 GC heap after
{Heap after GC invocations=1498 (full 3):
 PSYoungGen      total 4608K, used 1510K [0x00000000d5580000, 0x00000000d5f80000, 0x0000000100000000)
  eden space 3072K, 0% used [0x00000000d5580000,0x00000000d5580000,0x00000000d5880000)
  from space 1536K, 98% used [0x00000000d5900000,0x00000000d5a79ac0,0x00000000d5a80000)
  to   space 3584K, 0% used [0x00000000d5c00000,0x00000000d5c00000,0x00000000d5f80000)
 ParOldGen       total 877568K, used 877307K [0x0000000080000000, 0x00000000b5900000, 0x00000000d5580000)
  object space 877568K, 99% used [0x0000000080000000,0x00000000b58bed10,0x00000000b5900000)
 Metaspace       used 74880K, committed 76480K, reserved 1179648K
  class space    used 7733K, committed 8448K, reserved 1048576K
}
Event: 85.484 GC heap before
{Heap before GC invocations=1499 (full 3):
 PSYoungGen      total 4608K, used 4582K [0x00000000d5580000, 0x00000000d5f80000, 0x0000000100000000)
  eden space 3072K, 100% used [0x00000000d5580000,0x00000000d5880000,0x00000000d5880000)
  from space 1536K, 98% used [0x00000000d5900000,0x00000000d5a79ac0,0x00000000d5a80000)
  to   space 3584K, 0% used [0x00000000d5c00000,0x00000000d5c00000,0x00000000d5f80000)
 ParOldGen       total 877568K, used 877307K [0x0000000080000000, 0x00000000b5900000, 0x00000000d5580000)
  object space 877568K, 99% used [0x0000000080000000,0x00000000b58bed10,0x00000000b5900000)
 Metaspace       used 74880K, committed 76480K, reserved 1179648K
  class space    used 7733K, committed 8448K, reserved 1048576K
}

